
 /----------------------------------------------------------------------------\
 |                                                                            |
 |  yosys -- Yosys Open SYnthesis Suite                                       |
 |                                                                            |
 |  Copyright (C) 2012 - 2020  Claire Xenia Wolf <claire@yosyshq.com>         |
 |                                                                            |
 |  Permission to use, copy, modify, and/or distribute this software for any  |
 |  purpose with or without fee is hereby granted, provided that the above    |
 |  copyright notice and this permission notice appear in all copies.         |
 |                                                                            |
 |  THE SOFTWARE IS PROVIDED "AS IS" AND THE AUTHOR DISCLAIMS ALL WARRANTIES  |
 |  WITH REGARD TO THIS SOFTWARE INCLUDING ALL IMPLIED WARRANTIES OF          |
 |  MERCHANTABILITY AND FITNESS. IN NO EVENT SHALL THE AUTHOR BE LIABLE FOR   |
 |  ANY SPECIAL, DIRECT, INDIRECT, OR CONSEQUENTIAL DAMAGES OR ANY DAMAGES    |
 |  WHATSOEVER RESULTING FROM LOSS OF USE, DATA OR PROFITS, WHETHER IN AN     |
 |  ACTION OF CONTRACT, NEGLIGENCE OR OTHER TORTIOUS ACTION, ARISING OUT OF   |
 |  OR IN CONNECTION WITH THE USE OR PERFORMANCE OF THIS SOFTWARE.            |
 |                                                                            |
 \----------------------------------------------------------------------------/

 Yosys 0.12+54 (git sha1 59a715034, clang 10.0.0-4ubuntu1 -fPIC -Os)


-- Executing script file `design_smt2.ys' --

1. Executing RTLIL frontend.
Input filename: design.il

2. Executing DFFUNMAP pass (unmap clock enable and synchronous reset from FFs).

3. Printing statistics.

=== rvfi_testbench ===

   Number of wires:                701
   Number of wire bits:           5162
   Number of public wires:         200
   Number of public wire bits:    3368
   Number of memories:               0
   Number of memory bits:            0
   Number of processes:              0
   Number of cells:                575
     $add                            7
     $and                            7
     $anyseq                       144
     $assert                        25
     $assume                         2
     $dff                            3
     $eq                            61
     $initstate                      1
     $logic_and                     12
     $logic_not                     15
     $logic_or                      10
     $lt                             3
     $mem_v2                         1
     $mul                            1
     $mux                          224
     $ne                             4
     $not                            9
     $or                             2
     $pmux                          19
     $reduce_and                     1
     $reduce_bool                    6
     $reduce_or                      9
     $shl                            2
     $shr                            2
     $sshr                           1
     $sub                            2
     $xor                            2

4. Executing SMT2 backend.
Creating SMT-LIBv2 representation of module rvfi_testbench.

End of script. Logfile hash: 6e53267f38, CPU: user 0.07s system 0.00s, MEM: 13.69 MB peak
Yosys 0.12+54 (git sha1 59a715034, clang 10.0.0-4ubuntu1 -fPIC -Os)
Time spent: 65% 2x read_ilang (0 sec), 32% 2x write_smt2 (0 sec), ...
