
 /----------------------------------------------------------------------------\
 |                                                                            |
 |  yosys -- Yosys Open SYnthesis Suite                                       |
 |                                                                            |
 |  Copyright (C) 2012 - 2020  Claire Xenia Wolf <claire@yosyshq.com>         |
 |                                                                            |
 |  Permission to use, copy, modify, and/or distribute this software for any  |
 |  purpose with or without fee is hereby granted, provided that the above    |
 |  copyright notice and this permission notice appear in all copies.         |
 |                                                                            |
 |  THE SOFTWARE IS PROVIDED "AS IS" AND THE AUTHOR DISCLAIMS ALL WARRANTIES  |
 |  WITH REGARD TO THIS SOFTWARE INCLUDING ALL IMPLIED WARRANTIES OF          |
 |  MERCHANTABILITY AND FITNESS. IN NO EVENT SHALL THE AUTHOR BE LIABLE FOR   |
 |  ANY SPECIAL, DIRECT, INDIRECT, OR CONSEQUENTIAL DAMAGES OR ANY DAMAGES    |
 |  WHATSOEVER RESULTING FROM LOSS OF USE, DATA OR PROFITS, WHETHER IN AN     |
 |  ACTION OF CONTRACT, NEGLIGENCE OR OTHER TORTIOUS ACTION, ARISING OUT OF   |
 |  OR IN CONNECTION WITH THE USE OR PERFORMANCE OF THIS SOFTWARE.            |
 |                                                                            |
 \----------------------------------------------------------------------------/

 Yosys 0.12+54 (git sha1 59a715034, clang 10.0.0-4ubuntu1 -fPIC -Os)


-- Executing script file `design_smt2.ys' --

1. Executing RTLIL frontend.
Input filename: design.il

2. Executing DFFUNMAP pass (unmap clock enable and synchronous reset from FFs).

3. Printing statistics.

=== rvfi_testbench ===

   Number of wires:                542
   Number of wire bits:           4855
   Number of public wires:         202
   Number of public wire bits:    3311
   Number of memories:               0
   Number of memory bits:            0
   Number of processes:              0
   Number of cells:                400
     $add                            6
     $and                            5
     $anyseq                        88
     $assert                        17
     $assume                         2
     $dff                            3
     $eq                            49
     $initstate                      1
     $logic_and                     12
     $logic_not                     14
     $logic_or                      13
     $lt                             3
     $mem_v2                         1
     $mux                          136
     $ne                             4
     $not                            6
     $or                             2
     $pmux                          17
     $reduce_bool                    8
     $reduce_or                      2
     $shl                            1
     $shr                            2
     $sshr                           1
     $sub                            1
     $xor                            6

4. Executing SMT2 backend.
Creating SMT-LIBv2 representation of module rvfi_testbench.

End of script. Logfile hash: 1b524527c3, CPU: user 0.09s system 0.00s, MEM: 13.09 MB peak
Yosys 0.12+54 (git sha1 59a715034, clang 10.0.0-4ubuntu1 -fPIC -Os)
Time spent: 66% 2x write_smt2 (0 sec), 32% 2x read_ilang (0 sec), ...
