
 /----------------------------------------------------------------------------\
 |                                                                            |
 |  yosys -- Yosys Open SYnthesis Suite                                       |
 |                                                                            |
 |  Copyright (C) 2012 - 2020  Claire Xenia Wolf <claire@yosyshq.com>         |
 |                                                                            |
 |  Permission to use, copy, modify, and/or distribute this software for any  |
 |  purpose with or without fee is hereby granted, provided that the above    |
 |  copyright notice and this permission notice appear in all copies.         |
 |                                                                            |
 |  THE SOFTWARE IS PROVIDED "AS IS" AND THE AUTHOR DISCLAIMS ALL WARRANTIES  |
 |  WITH REGARD TO THIS SOFTWARE INCLUDING ALL IMPLIED WARRANTIES OF          |
 |  MERCHANTABILITY AND FITNESS. IN NO EVENT SHALL THE AUTHOR BE LIABLE FOR   |
 |  ANY SPECIAL, DIRECT, INDIRECT, OR CONSEQUENTIAL DAMAGES OR ANY DAMAGES    |
 |  WHATSOEVER RESULTING FROM LOSS OF USE, DATA OR PROFITS, WHETHER IN AN     |
 |  ACTION OF CONTRACT, NEGLIGENCE OR OTHER TORTIOUS ACTION, ARISING OUT OF   |
 |  OR IN CONNECTION WITH THE USE OR PERFORMANCE OF THIS SOFTWARE.            |
 |                                                                            |
 \----------------------------------------------------------------------------/

 Yosys 0.12+54 (git sha1 59a715034, clang 10.0.0-4ubuntu1 -fPIC -Os)


-- Executing script file `../model/design.ys' --

1. Executing Verilog-2005 frontend: insn_sb_ch0.sv
Parsing SystemVerilog input from `insn_sb_ch0.sv' to AST representation.
Generating RTLIL representation for module `\rvfi_channel'.
Generating RTLIL representation for module `\rvfi_testbench'.
Generating RTLIL representation for module `\rvfi_seq'.
Generating RTLIL representation for module `\rvfi_assume_seq'.
Generating RTLIL representation for module `\rvfi_insn_check'.
Generating RTLIL representation for module `\rvfi_insn_sb'.
Successfully finished Verilog frontend.

2. Executing Verilog-2005 frontend: /home/ndcsn/workspace/riscv-formal/cores/myRiscv/../../cores/myRiscv/wrapper.sv
Parsing SystemVerilog input from `/home/ndcsn/workspace/riscv-formal/cores/myRiscv/../../cores/myRiscv/wrapper.sv' to AST representation.
Generating RTLIL representation for module `\rvfi_wrapper'.
Successfully finished Verilog frontend.

3. Executing Verilog-2005 frontend: /home/ndcsn/workspace/riscv-formal/cores/myRiscv/../../cores/myRiscv/myRiscv.sv
Parsing SystemVerilog input from `/home/ndcsn/workspace/riscv-formal/cores/myRiscv/../../cores/myRiscv/myRiscv.sv' to AST representation.
Generating RTLIL representation for module `\myRiscv'.
Successfully finished Verilog frontend.

4. Executing PREP pass.

4.1. Executing HIERARCHY pass (managing design hierarchy).

4.1.1. Analyzing design hierarchy..
Top module:  \rvfi_testbench
Used module:     \rvfi_wrapper
Used module:         \myRiscv
Used module:     \rvfi_insn_check
Used module:         \rvfi_insn_sb

4.1.2. Analyzing design hierarchy..
Top module:  \rvfi_testbench
Used module:     \rvfi_wrapper
Used module:         \myRiscv
Used module:     \rvfi_insn_check
Used module:         \rvfi_insn_sb
Removing unused module `\rvfi_assume_seq'.
Removing unused module `\rvfi_seq'.
Removing unused module `\rvfi_channel'.
Removed 3 unused modules.
Module rvfi_insn_check directly or indirectly contains formal properties -> setting "keep" attribute.
Module rvfi_testbench directly or indirectly contains formal properties -> setting "keep" attribute.

4.2. Executing PROC pass (convert processes to netlists).

4.2.1. Executing PROC_CLEAN pass (remove empty switches from decision trees).
Cleaned up 0 empty switches.

4.2.2. Executing PROC_RMDEAD pass (remove dead branches from decision trees).
Marked 7 switch rules as full_case in process $proc$rvfi_insn_check.sv:123$92 in module rvfi_insn_check.
Removed 1 dead cases from process $proc$/home/ndcsn/workspace/riscv-formal/cores/myRiscv/../../cores/myRiscv/myRiscv.sv:0$330 in module myRiscv.
Marked 19 switch rules as full_case in process $proc$/home/ndcsn/workspace/riscv-formal/cores/myRiscv/../../cores/myRiscv/myRiscv.sv:0$330 in module myRiscv.
Marked 1 switch rules as full_case in process $proc$/home/ndcsn/workspace/riscv-formal/cores/myRiscv/../../cores/myRiscv/myRiscv.sv:0$329 in module myRiscv.
Marked 1 switch rules as full_case in process $proc$/home/ndcsn/workspace/riscv-formal/cores/myRiscv/../../cores/myRiscv/myRiscv.sv:0$328 in module myRiscv.
Marked 1 switch rules as full_case in process $proc$/home/ndcsn/workspace/riscv-formal/cores/myRiscv/../../cores/myRiscv/myRiscv.sv:0$327 in module myRiscv.
Marked 1 switch rules as full_case in process $proc$/home/ndcsn/workspace/riscv-formal/cores/myRiscv/../../cores/myRiscv/myRiscv.sv:0$326 in module myRiscv.
Marked 1 switch rules as full_case in process $proc$/home/ndcsn/workspace/riscv-formal/cores/myRiscv/../../cores/myRiscv/myRiscv.sv:0$314 in module myRiscv.
Marked 1 switch rules as full_case in process $proc$/home/ndcsn/workspace/riscv-formal/cores/myRiscv/../../cores/myRiscv/myRiscv.sv:180$290 in module myRiscv.
Marked 1 switch rules as full_case in process $proc$/home/ndcsn/workspace/riscv-formal/cores/myRiscv/../../cores/myRiscv/myRiscv.sv:0$289 in module myRiscv.
Removed 1 dead cases from process $proc$/home/ndcsn/workspace/riscv-formal/cores/myRiscv/../../cores/myRiscv/myRiscv.sv:0$288 in module myRiscv.
Marked 1 switch rules as full_case in process $proc$/home/ndcsn/workspace/riscv-formal/cores/myRiscv/../../cores/myRiscv/myRiscv.sv:0$288 in module myRiscv.
Removed 1 dead cases from process $proc$/home/ndcsn/workspace/riscv-formal/cores/myRiscv/../../cores/myRiscv/myRiscv.sv:0$287 in module myRiscv.
Marked 1 switch rules as full_case in process $proc$/home/ndcsn/workspace/riscv-formal/cores/myRiscv/../../cores/myRiscv/myRiscv.sv:0$287 in module myRiscv.
Removed 1 dead cases from process $proc$/home/ndcsn/workspace/riscv-formal/cores/myRiscv/../../cores/myRiscv/myRiscv.sv:0$286 in module myRiscv.
Marked 1 switch rules as full_case in process $proc$/home/ndcsn/workspace/riscv-formal/cores/myRiscv/../../cores/myRiscv/myRiscv.sv:0$286 in module myRiscv.
Marked 1 switch rules as full_case in process $proc$/home/ndcsn/workspace/riscv-formal/cores/myRiscv/../../cores/myRiscv/myRiscv.sv:117$281 in module myRiscv.
Removed 1 dead cases from process $proc$/home/ndcsn/workspace/riscv-formal/cores/myRiscv/../../cores/myRiscv/myRiscv.sv:0$280 in module myRiscv.
Marked 1 switch rules as full_case in process $proc$/home/ndcsn/workspace/riscv-formal/cores/myRiscv/../../cores/myRiscv/myRiscv.sv:0$280 in module myRiscv.
Removed 1 dead cases from process $proc$/home/ndcsn/workspace/riscv-formal/cores/myRiscv/../../cores/myRiscv/myRiscv.sv:0$277 in module myRiscv.
Marked 1 switch rules as full_case in process $proc$/home/ndcsn/workspace/riscv-formal/cores/myRiscv/../../cores/myRiscv/myRiscv.sv:0$277 in module myRiscv.
Removed a total of 6 dead cases.

4.2.3. Executing PROC_PRUNE pass (remove redundant assignments in processes).
Removed 3 redundant assignments.
Promoted 39 assignments to connections.

4.2.4. Executing PROC_INIT pass (extract init attributes).
Found init rule in `\rvfi_testbench.$proc$rvfi_testbench.sv:32$13'.
  Set init value: \cycle_reg = 8'00000000

4.2.5. Executing PROC_ARST pass (detect async resets in processes).

4.2.6. Executing PROC_MUX pass (convert decision trees to multiplexers).
Creating decoders for process `\rvfi_insn_check.$proc$rvfi_insn_check.sv:123$92'.
     1/79: $3\i[31:0]
     2/79: $2\i[31:0]
     3/79: $1\i[31:0]
     4/79: $0$formal$rvfi_insn_check.sv:124$28_EN[0:0]$94
     5/79: $0$formal$rvfi_insn_check.sv:124$28_CHECK[0:0]$93
     6/79: $0$formal$rvfi_insn_check.sv:125$29_EN[0:0]$96
     7/79: $0$formal$rvfi_insn_check.sv:125$29_CHECK[0:0]$95
     8/79: $0$formal$rvfi_insn_check.sv:126$30_EN[0:0]$98
     9/79: $0$formal$rvfi_insn_check.sv:126$30_CHECK[0:0]$97
    10/79: $0$formal$rvfi_insn_check.sv:127$31_EN[0:0]$100
    11/79: $0$formal$rvfi_insn_check.sv:127$31_CHECK[0:0]$99
    12/79: $0$formal$rvfi_insn_check.sv:130$32_EN[0:0]$102
    13/79: $0$formal$rvfi_insn_check.sv:130$32_CHECK[0:0]$101
    14/79: $0$formal$rvfi_insn_check.sv:133$33_EN[0:0]$104
    15/79: $0$formal$rvfi_insn_check.sv:133$33_CHECK[0:0]$103
    16/79: $0$formal$rvfi_insn_check.sv:134$34_EN[0:0]$106
    17/79: $0$formal$rvfi_insn_check.sv:134$34_CHECK[0:0]$105
    18/79: $0$formal$rvfi_insn_check.sv:135$35_EN[0:0]$108
    19/79: $0$formal$rvfi_insn_check.sv:135$35_CHECK[0:0]$107
    20/79: $0$formal$rvfi_insn_check.sv:136$36_EN[0:0]$110
    21/79: $0$formal$rvfi_insn_check.sv:136$36_CHECK[0:0]$109
    22/79: $0$formal$rvfi_insn_check.sv:143$37_EN[0:0]$112
    23/79: $0$formal$rvfi_insn_check.sv:143$37_CHECK[0:0]$111
    24/79: $0$formal$rvfi_insn_check.sv:146$38_EN[0:0]$114
    25/79: $0$formal$rvfi_insn_check.sv:146$38_CHECK[0:0]$113
    26/79: $0$formal$rvfi_insn_check.sv:150$39_EN[0:0]$116
    27/79: $0$formal$rvfi_insn_check.sv:150$39_CHECK[0:0]$115
    28/79: $0$formal$rvfi_insn_check.sv:153$40_EN[0:0]$118
    29/79: $0$formal$rvfi_insn_check.sv:153$40_CHECK[0:0]$117
    30/79: $0$formal$rvfi_insn_check.sv:154$41_EN[0:0]$120
    31/79: $0$formal$rvfi_insn_check.sv:154$41_CHECK[0:0]$119
    32/79: $0$formal$rvfi_insn_check.sv:156$42_EN[0:0]$122
    33/79: $0$formal$rvfi_insn_check.sv:156$42_CHECK[0:0]$121
    34/79: $0$formal$rvfi_insn_check.sv:157$43_EN[0:0]$124
    35/79: $0$formal$rvfi_insn_check.sv:157$43_CHECK[0:0]$123
    36/79: $0$formal$rvfi_insn_check.sv:160$44_EN[0:0]$126
    37/79: $0$formal$rvfi_insn_check.sv:160$44_CHECK[0:0]$125
    38/79: $0$formal$rvfi_insn_check.sv:165$45_EN[0:0]$128
    39/79: $0$formal$rvfi_insn_check.sv:165$45_CHECK[0:0]$127
    40/79: $0$formal$rvfi_insn_check.sv:166$46_EN[0:0]$130
    41/79: $0$formal$rvfi_insn_check.sv:166$46_CHECK[0:0]$129
    42/79: $0$formal$rvfi_insn_check.sv:168$47_EN[0:0]$132
    43/79: $0$formal$rvfi_insn_check.sv:168$47_CHECK[0:0]$131
    44/79: $0$formal$rvfi_insn_check.sv:169$48_EN[0:0]$134
    45/79: $0$formal$rvfi_insn_check.sv:169$48_CHECK[0:0]$133
    46/79: $0$formal$rvfi_insn_check.sv:172$49_EN[0:0]$136
    47/79: $0$formal$rvfi_insn_check.sv:172$49_CHECK[0:0]$135
    48/79: $0$formal$rvfi_insn_check.sv:165$50_EN[0:0]$138
    49/79: $0$formal$rvfi_insn_check.sv:165$50_CHECK[0:0]$137
    50/79: $0$formal$rvfi_insn_check.sv:166$51_EN[0:0]$140
    51/79: $0$formal$rvfi_insn_check.sv:166$51_CHECK[0:0]$139
    52/79: $0$formal$rvfi_insn_check.sv:168$52_EN[0:0]$142
    53/79: $0$formal$rvfi_insn_check.sv:168$52_CHECK[0:0]$141
    54/79: $0$formal$rvfi_insn_check.sv:169$53_EN[0:0]$144
    55/79: $0$formal$rvfi_insn_check.sv:169$53_CHECK[0:0]$143
    56/79: $0$formal$rvfi_insn_check.sv:172$54_EN[0:0]$146
    57/79: $0$formal$rvfi_insn_check.sv:172$54_CHECK[0:0]$145
    58/79: $0$formal$rvfi_insn_check.sv:165$55_EN[0:0]$148
    59/79: $0$formal$rvfi_insn_check.sv:165$55_CHECK[0:0]$147
    60/79: $0$formal$rvfi_insn_check.sv:166$56_EN[0:0]$150
    61/79: $0$formal$rvfi_insn_check.sv:166$56_CHECK[0:0]$149
    62/79: $0$formal$rvfi_insn_check.sv:168$57_EN[0:0]$152
    63/79: $0$formal$rvfi_insn_check.sv:168$57_CHECK[0:0]$151
    64/79: $0$formal$rvfi_insn_check.sv:169$58_EN[0:0]$154
    65/79: $0$formal$rvfi_insn_check.sv:169$58_CHECK[0:0]$153
    66/79: $0$formal$rvfi_insn_check.sv:172$59_EN[0:0]$156
    67/79: $0$formal$rvfi_insn_check.sv:172$59_CHECK[0:0]$155
    68/79: $0$formal$rvfi_insn_check.sv:165$60_EN[0:0]$158
    69/79: $0$formal$rvfi_insn_check.sv:165$60_CHECK[0:0]$157
    70/79: $0$formal$rvfi_insn_check.sv:166$61_EN[0:0]$160
    71/79: $0$formal$rvfi_insn_check.sv:166$61_CHECK[0:0]$159
    72/79: $0$formal$rvfi_insn_check.sv:168$62_EN[0:0]$162
    73/79: $0$formal$rvfi_insn_check.sv:168$62_CHECK[0:0]$161
    74/79: $0$formal$rvfi_insn_check.sv:169$63_EN[0:0]$164
    75/79: $0$formal$rvfi_insn_check.sv:169$63_CHECK[0:0]$163
    76/79: $0$formal$rvfi_insn_check.sv:172$64_EN[0:0]$166
    77/79: $0$formal$rvfi_insn_check.sv:172$64_CHECK[0:0]$165
    78/79: $0$formal$rvfi_insn_check.sv:176$65_EN[0:0]$168
    79/79: $0$formal$rvfi_insn_check.sv:176$65_CHECK[0:0]$167
Creating decoders for process `\myRiscv.$proc$/home/ndcsn/workspace/riscv-formal/cores/myRiscv/../../cores/myRiscv/myRiscv.sv:0$330'.
     1/137: $14\ctrl_instr_trap[0:0]
     2/137: $10\instr_valid[0:0]
     3/137: $10\alu_ctrl[3:0]
     4/137: $10\ld_ctrl[4:0]
     5/137: $10\imm_sel[2:0]
     6/137: $10\wr_data_sel[1:0]
     7/137: $10\rd_data_sel[2:0]
     8/137: $10\pc_sel[1:0]
     9/137: $10\src_2_sel[0:0]
    10/137: $10\src_1_sel[0:0]
    11/137: $12\rf_wr_en[0:0]
    12/137: $13\wr_en[3:0]
    13/137: $13\ctrl_instr_trap[0:0]
    14/137: $9\instr_valid[0:0]
    15/137: $9\alu_ctrl[3:0]
    16/137: $9\ld_ctrl[4:0]
    17/137: $9\imm_sel[2:0]
    18/137: $9\wr_data_sel[1:0]
    19/137: $9\rd_data_sel[2:0]
    20/137: $9\pc_sel[1:0]
    21/137: $9\src_2_sel[0:0]
    22/137: $9\src_1_sel[0:0]
    23/137: $11\rf_wr_en[0:0]
    24/137: $12\wr_en[3:0]
    25/137: $3\rd_addr_sel[0:0]
    26/137: $12\ctrl_instr_trap[0:0]
    27/137: $8\instr_valid[0:0]
    28/137: $8\alu_ctrl[3:0]
    29/137: $8\ld_ctrl[4:0]
    30/137: $8\imm_sel[2:0]
    31/137: $8\wr_data_sel[1:0]
    32/137: $8\rd_data_sel[2:0]
    33/137: $8\pc_sel[1:0]
    34/137: $8\src_2_sel[0:0]
    35/137: $8\src_1_sel[0:0]
    36/137: $10\rf_wr_en[0:0]
    37/137: $11\wr_en[3:0]
    38/137: $11\ctrl_instr_trap[0:0]
    39/137: $7\instr_valid[0:0]
    40/137: $7\alu_ctrl[3:0]
    41/137: $7\ld_ctrl[4:0]
    42/137: $7\imm_sel[2:0]
    43/137: $7\wr_data_sel[1:0]
    44/137: $7\rd_data_sel[2:0]
    45/137: $7\pc_sel[1:0]
    46/137: $7\src_2_sel[0:0]
    47/137: $7\src_1_sel[0:0]
    48/137: $9\rf_wr_en[0:0]
    49/137: $10\wr_en[3:0]
    50/137: $10\ctrl_instr_trap[0:0]
    51/137: $6\instr_valid[0:0]
    52/137: $6\alu_ctrl[3:0]
    53/137: $6\ld_ctrl[4:0]
    54/137: $6\imm_sel[2:0]
    55/137: $6\wr_data_sel[1:0]
    56/137: $6\rd_data_sel[2:0]
    57/137: $6\pc_sel[1:0]
    58/137: $6\src_2_sel[0:0]
    59/137: $6\src_1_sel[0:0]
    60/137: $8\rf_wr_en[0:0]
    61/137: $9\wr_en[3:0]
    62/137: $9\ctrl_instr_trap[0:0]
    63/137: $8\ctrl_instr_trap[0:0]
    64/137: $8\wr_en[3:0]
    65/137: $7\wr_en[3:0]
    66/137: $6\wr_en[3:0]
    67/137: $7\ctrl_instr_trap[0:0]
    68/137: $5\instr_valid[0:0]
    69/137: $5\alu_ctrl[3:0]
    70/137: $5\ld_ctrl[4:0]
    71/137: $5\imm_sel[2:0]
    72/137: $5\wr_data_sel[1:0]
    73/137: $5\rd_data_sel[2:0]
    74/137: $5\pc_sel[1:0]
    75/137: $5\src_2_sel[0:0]
    76/137: $5\src_1_sel[0:0]
    77/137: $7\rf_wr_en[0:0]
    78/137: $5\wr_en[3:0]
    79/137: $2\s_ctrl[4:0]
    80/137: $2\rd_addr_sel[0:0]
    81/137: $3\force_zero_lsb[0:0]
    82/137: $6\ctrl_instr_trap[0:0]
    83/137: $4\instr_valid[0:0]
    84/137: $4\alu_ctrl[3:0]
    85/137: $4\ld_ctrl[4:0]
    86/137: $4\imm_sel[2:0]
    87/137: $4\wr_data_sel[1:0]
    88/137: $4\rd_data_sel[2:0]
    89/137: $4\pc_sel[1:0]
    90/137: $4\src_2_sel[0:0]
    91/137: $4\src_1_sel[0:0]
    92/137: $6\rf_wr_en[0:0]
    93/137: $4\wr_en[3:0]
    94/137: $5\ctrl_instr_trap[0:0]
    95/137: $3\instr_valid[0:0]
    96/137: $3\alu_ctrl[3:0]
    97/137: $3\ld_ctrl[4:0]
    98/137: $3\imm_sel[2:0]
    99/137: $3\wr_data_sel[1:0]
   100/137: $3\rd_data_sel[2:0]
   101/137: $3\pc_sel[1:0]
   102/137: $3\src_2_sel[0:0]
   103/137: $3\src_1_sel[0:0]
   104/137: $5\rf_wr_en[0:0]
   105/137: $3\wr_en[3:0]
   106/137: $4\ctrl_instr_trap[0:0]
   107/137: $3\ctrl_instr_trap[0:0]
   108/137: $4\rf_wr_en[0:0]
   109/137: $3\rf_wr_en[0:0]
   110/137: $2\ctrl_instr_trap[0:0]
   111/137: $2\instr_valid[0:0]
   112/137: $2\alu_ctrl[3:0]
   113/137: $2\ld_ctrl[4:0]
   114/137: $2\imm_sel[2:0]
   115/137: $2\wr_data_sel[1:0]
   116/137: $2\rd_data_sel[2:0]
   117/137: $2\pc_sel[1:0]
   118/137: $2\src_2_sel[0:0]
   119/137: $2\src_1_sel[0:0]
   120/137: $2\rf_wr_en[0:0]
   121/137: $2\wr_en[3:0]
   122/137: $2\force_zero_lsb[0:0]
   123/137: $1\ctrl_instr_trap[0:0]
   124/137: $1\instr_valid[0:0]
   125/137: $1\force_zero_lsb[0:0]
   126/137: $1\alu_ctrl[3:0]
   127/137: $1\ld_ctrl[4:0]
   128/137: $1\imm_sel[2:0]
   129/137: $1\wr_data_sel[1:0]
   130/137: $1\rd_data_sel[2:0]
   131/137: $1\pc_sel[1:0]
   132/137: $1\src_2_sel[0:0]
   133/137: $1\src_1_sel[0:0]
   134/137: $1\rf_wr_en[0:0]
   135/137: $1\wr_en[3:0]
   136/137: $1\s_ctrl[4:0]
   137/137: $1\rd_addr_sel[0:0]
Creating decoders for process `\myRiscv.$proc$/home/ndcsn/workspace/riscv-formal/cores/myRiscv/../../cores/myRiscv/myRiscv.sv:0$329'.
     1/4: $1\wr_data_ext[31:0] [31:24]
     2/4: $1\wr_data_ext[31:0] [15:8]
     3/4: $1\wr_data_ext[31:0] [23:16]
     4/4: $1\wr_data_ext[31:0] [7:0]
Creating decoders for process `\myRiscv.$proc$/home/ndcsn/workspace/riscv-formal/cores/myRiscv/../../cores/myRiscv/myRiscv.sv:0$328'.
     1/1: $1\rmask[3:0]
Creating decoders for process `\myRiscv.$proc$/home/ndcsn/workspace/riscv-formal/cores/myRiscv/../../cores/myRiscv/myRiscv.sv:0$327'.
     1/1: $1\rd_data_ext[31:0]
Creating decoders for process `\myRiscv.$proc$/home/ndcsn/workspace/riscv-formal/cores/myRiscv/../../cores/myRiscv/myRiscv.sv:0$326'.
     1/1: $1\imm_ext[31:0]
Creating decoders for process `\myRiscv.$proc$/home/ndcsn/workspace/riscv-formal/cores/myRiscv/../../cores/myRiscv/myRiscv.sv:0$314'.
     1/3: $1\carry[0:0]
     2/3: $1\result[31:0]
     3/3: $1\b_flag[0:0]
Creating decoders for process `\myRiscv.$proc$/home/ndcsn/workspace/riscv-formal/cores/myRiscv/../../cores/myRiscv/myRiscv.sv:0$307'.
Creating decoders for process `\myRiscv.$proc$/home/ndcsn/workspace/riscv-formal/cores/myRiscv/../../cores/myRiscv/myRiscv.sv:180$290'.
     1/6: $1$memwr$\mem$/home/ndcsn/workspace/riscv-formal/cores/myRiscv/../../cores/myRiscv/myRiscv.sv:182$270_EN[31:0]$300
     2/6: $1$memwr$\mem$/home/ndcsn/workspace/riscv-formal/cores/myRiscv/../../cores/myRiscv/myRiscv.sv:182$270_DATA[31:0]$299
     3/6: $1$memwr$\mem$/home/ndcsn/workspace/riscv-formal/cores/myRiscv/../../cores/myRiscv/myRiscv.sv:182$270_ADDR[4:0]$298
     4/6: $1$memwr$\mem$/home/ndcsn/workspace/riscv-formal/cores/myRiscv/../../cores/myRiscv/myRiscv.sv:184$271_EN[31:0]$303
     5/6: $1$memwr$\mem$/home/ndcsn/workspace/riscv-formal/cores/myRiscv/../../cores/myRiscv/myRiscv.sv:184$271_DATA[31:0]$302
     6/6: $1$memwr$\mem$/home/ndcsn/workspace/riscv-formal/cores/myRiscv/../../cores/myRiscv/myRiscv.sv:184$271_ADDR[4:0]$301
Creating decoders for process `\myRiscv.$proc$/home/ndcsn/workspace/riscv-formal/cores/myRiscv/../../cores/myRiscv/myRiscv.sv:0$289'.
     1/1: $1\dst_data[31:0]
Creating decoders for process `\myRiscv.$proc$/home/ndcsn/workspace/riscv-formal/cores/myRiscv/../../cores/myRiscv/myRiscv.sv:0$288'.
     1/1: $1\alu_in_2[31:0]
Creating decoders for process `\myRiscv.$proc$/home/ndcsn/workspace/riscv-formal/cores/myRiscv/../../cores/myRiscv/myRiscv.sv:0$287'.
     1/1: $1\alu_in_1[31:0]
Creating decoders for process `\myRiscv.$proc$/home/ndcsn/workspace/riscv-formal/cores/myRiscv/../../cores/myRiscv/myRiscv.sv:0$286'.
     1/1: $1\pc_next[31:0]
Creating decoders for process `\myRiscv.$proc$/home/ndcsn/workspace/riscv-formal/cores/myRiscv/../../cores/myRiscv/myRiscv.sv:117$281'.
     1/3: $0\instr_index[63:0]
     2/3: $0\pc_last[31:0]
     3/3: $0\pc[31:0]
Creating decoders for process `\myRiscv.$proc$/home/ndcsn/workspace/riscv-formal/cores/myRiscv/../../cores/myRiscv/myRiscv.sv:0$280'.
     1/1: $1\rf_dst_addr[4:0]
Creating decoders for process `\myRiscv.$proc$/home/ndcsn/workspace/riscv-formal/cores/myRiscv/../../cores/myRiscv/myRiscv.sv:0$277'.
     1/1: $1\addr[31:0]
Creating decoders for process `\rvfi_testbench.$proc$rvfi_testbench.sv:32$13'.
Creating decoders for process `\rvfi_testbench.$proc$rvfi_testbench.sv:35$7'.

4.2.7. Executing PROC_DLATCH pass (convert process syncs to latches).
No latch inferred for signal `\rvfi_insn_check.$formal$rvfi_insn_check.sv:124$28_CHECK' from process `\rvfi_insn_check.$proc$rvfi_insn_check.sv:123$92'.
No latch inferred for signal `\rvfi_insn_check.$formal$rvfi_insn_check.sv:124$28_EN' from process `\rvfi_insn_check.$proc$rvfi_insn_check.sv:123$92'.
No latch inferred for signal `\rvfi_insn_check.$formal$rvfi_insn_check.sv:125$29_CHECK' from process `\rvfi_insn_check.$proc$rvfi_insn_check.sv:123$92'.
No latch inferred for signal `\rvfi_insn_check.$formal$rvfi_insn_check.sv:125$29_EN' from process `\rvfi_insn_check.$proc$rvfi_insn_check.sv:123$92'.
No latch inferred for signal `\rvfi_insn_check.$formal$rvfi_insn_check.sv:126$30_CHECK' from process `\rvfi_insn_check.$proc$rvfi_insn_check.sv:123$92'.
No latch inferred for signal `\rvfi_insn_check.$formal$rvfi_insn_check.sv:126$30_EN' from process `\rvfi_insn_check.$proc$rvfi_insn_check.sv:123$92'.
No latch inferred for signal `\rvfi_insn_check.$formal$rvfi_insn_check.sv:127$31_CHECK' from process `\rvfi_insn_check.$proc$rvfi_insn_check.sv:123$92'.
No latch inferred for signal `\rvfi_insn_check.$formal$rvfi_insn_check.sv:127$31_EN' from process `\rvfi_insn_check.$proc$rvfi_insn_check.sv:123$92'.
No latch inferred for signal `\rvfi_insn_check.$formal$rvfi_insn_check.sv:130$32_CHECK' from process `\rvfi_insn_check.$proc$rvfi_insn_check.sv:123$92'.
No latch inferred for signal `\rvfi_insn_check.$formal$rvfi_insn_check.sv:130$32_EN' from process `\rvfi_insn_check.$proc$rvfi_insn_check.sv:123$92'.
No latch inferred for signal `\rvfi_insn_check.$formal$rvfi_insn_check.sv:133$33_CHECK' from process `\rvfi_insn_check.$proc$rvfi_insn_check.sv:123$92'.
No latch inferred for signal `\rvfi_insn_check.$formal$rvfi_insn_check.sv:133$33_EN' from process `\rvfi_insn_check.$proc$rvfi_insn_check.sv:123$92'.
No latch inferred for signal `\rvfi_insn_check.$formal$rvfi_insn_check.sv:134$34_CHECK' from process `\rvfi_insn_check.$proc$rvfi_insn_check.sv:123$92'.
No latch inferred for signal `\rvfi_insn_check.$formal$rvfi_insn_check.sv:134$34_EN' from process `\rvfi_insn_check.$proc$rvfi_insn_check.sv:123$92'.
No latch inferred for signal `\rvfi_insn_check.$formal$rvfi_insn_check.sv:135$35_CHECK' from process `\rvfi_insn_check.$proc$rvfi_insn_check.sv:123$92'.
No latch inferred for signal `\rvfi_insn_check.$formal$rvfi_insn_check.sv:135$35_EN' from process `\rvfi_insn_check.$proc$rvfi_insn_check.sv:123$92'.
No latch inferred for signal `\rvfi_insn_check.$formal$rvfi_insn_check.sv:136$36_CHECK' from process `\rvfi_insn_check.$proc$rvfi_insn_check.sv:123$92'.
No latch inferred for signal `\rvfi_insn_check.$formal$rvfi_insn_check.sv:136$36_EN' from process `\rvfi_insn_check.$proc$rvfi_insn_check.sv:123$92'.
No latch inferred for signal `\rvfi_insn_check.$formal$rvfi_insn_check.sv:143$37_CHECK' from process `\rvfi_insn_check.$proc$rvfi_insn_check.sv:123$92'.
No latch inferred for signal `\rvfi_insn_check.$formal$rvfi_insn_check.sv:143$37_EN' from process `\rvfi_insn_check.$proc$rvfi_insn_check.sv:123$92'.
No latch inferred for signal `\rvfi_insn_check.$formal$rvfi_insn_check.sv:146$38_CHECK' from process `\rvfi_insn_check.$proc$rvfi_insn_check.sv:123$92'.
No latch inferred for signal `\rvfi_insn_check.$formal$rvfi_insn_check.sv:146$38_EN' from process `\rvfi_insn_check.$proc$rvfi_insn_check.sv:123$92'.
No latch inferred for signal `\rvfi_insn_check.$formal$rvfi_insn_check.sv:150$39_CHECK' from process `\rvfi_insn_check.$proc$rvfi_insn_check.sv:123$92'.
No latch inferred for signal `\rvfi_insn_check.$formal$rvfi_insn_check.sv:150$39_EN' from process `\rvfi_insn_check.$proc$rvfi_insn_check.sv:123$92'.
No latch inferred for signal `\rvfi_insn_check.$formal$rvfi_insn_check.sv:153$40_CHECK' from process `\rvfi_insn_check.$proc$rvfi_insn_check.sv:123$92'.
No latch inferred for signal `\rvfi_insn_check.$formal$rvfi_insn_check.sv:153$40_EN' from process `\rvfi_insn_check.$proc$rvfi_insn_check.sv:123$92'.
No latch inferred for signal `\rvfi_insn_check.$formal$rvfi_insn_check.sv:154$41_CHECK' from process `\rvfi_insn_check.$proc$rvfi_insn_check.sv:123$92'.
No latch inferred for signal `\rvfi_insn_check.$formal$rvfi_insn_check.sv:154$41_EN' from process `\rvfi_insn_check.$proc$rvfi_insn_check.sv:123$92'.
No latch inferred for signal `\rvfi_insn_check.$formal$rvfi_insn_check.sv:156$42_CHECK' from process `\rvfi_insn_check.$proc$rvfi_insn_check.sv:123$92'.
No latch inferred for signal `\rvfi_insn_check.$formal$rvfi_insn_check.sv:156$42_EN' from process `\rvfi_insn_check.$proc$rvfi_insn_check.sv:123$92'.
No latch inferred for signal `\rvfi_insn_check.$formal$rvfi_insn_check.sv:157$43_CHECK' from process `\rvfi_insn_check.$proc$rvfi_insn_check.sv:123$92'.
No latch inferred for signal `\rvfi_insn_check.$formal$rvfi_insn_check.sv:157$43_EN' from process `\rvfi_insn_check.$proc$rvfi_insn_check.sv:123$92'.
No latch inferred for signal `\rvfi_insn_check.$formal$rvfi_insn_check.sv:160$44_CHECK' from process `\rvfi_insn_check.$proc$rvfi_insn_check.sv:123$92'.
No latch inferred for signal `\rvfi_insn_check.$formal$rvfi_insn_check.sv:160$44_EN' from process `\rvfi_insn_check.$proc$rvfi_insn_check.sv:123$92'.
No latch inferred for signal `\rvfi_insn_check.$formal$rvfi_insn_check.sv:165$45_CHECK' from process `\rvfi_insn_check.$proc$rvfi_insn_check.sv:123$92'.
No latch inferred for signal `\rvfi_insn_check.$formal$rvfi_insn_check.sv:165$45_EN' from process `\rvfi_insn_check.$proc$rvfi_insn_check.sv:123$92'.
No latch inferred for signal `\rvfi_insn_check.$formal$rvfi_insn_check.sv:166$46_CHECK' from process `\rvfi_insn_check.$proc$rvfi_insn_check.sv:123$92'.
No latch inferred for signal `\rvfi_insn_check.$formal$rvfi_insn_check.sv:166$46_EN' from process `\rvfi_insn_check.$proc$rvfi_insn_check.sv:123$92'.
No latch inferred for signal `\rvfi_insn_check.$formal$rvfi_insn_check.sv:168$47_CHECK' from process `\rvfi_insn_check.$proc$rvfi_insn_check.sv:123$92'.
No latch inferred for signal `\rvfi_insn_check.$formal$rvfi_insn_check.sv:168$47_EN' from process `\rvfi_insn_check.$proc$rvfi_insn_check.sv:123$92'.
No latch inferred for signal `\rvfi_insn_check.$formal$rvfi_insn_check.sv:169$48_CHECK' from process `\rvfi_insn_check.$proc$rvfi_insn_check.sv:123$92'.
No latch inferred for signal `\rvfi_insn_check.$formal$rvfi_insn_check.sv:169$48_EN' from process `\rvfi_insn_check.$proc$rvfi_insn_check.sv:123$92'.
No latch inferred for signal `\rvfi_insn_check.$formal$rvfi_insn_check.sv:172$49_CHECK' from process `\rvfi_insn_check.$proc$rvfi_insn_check.sv:123$92'.
No latch inferred for signal `\rvfi_insn_check.$formal$rvfi_insn_check.sv:172$49_EN' from process `\rvfi_insn_check.$proc$rvfi_insn_check.sv:123$92'.
No latch inferred for signal `\rvfi_insn_check.$formal$rvfi_insn_check.sv:165$50_CHECK' from process `\rvfi_insn_check.$proc$rvfi_insn_check.sv:123$92'.
No latch inferred for signal `\rvfi_insn_check.$formal$rvfi_insn_check.sv:165$50_EN' from process `\rvfi_insn_check.$proc$rvfi_insn_check.sv:123$92'.
No latch inferred for signal `\rvfi_insn_check.$formal$rvfi_insn_check.sv:166$51_CHECK' from process `\rvfi_insn_check.$proc$rvfi_insn_check.sv:123$92'.
No latch inferred for signal `\rvfi_insn_check.$formal$rvfi_insn_check.sv:166$51_EN' from process `\rvfi_insn_check.$proc$rvfi_insn_check.sv:123$92'.
No latch inferred for signal `\rvfi_insn_check.$formal$rvfi_insn_check.sv:168$52_CHECK' from process `\rvfi_insn_check.$proc$rvfi_insn_check.sv:123$92'.
No latch inferred for signal `\rvfi_insn_check.$formal$rvfi_insn_check.sv:168$52_EN' from process `\rvfi_insn_check.$proc$rvfi_insn_check.sv:123$92'.
No latch inferred for signal `\rvfi_insn_check.$formal$rvfi_insn_check.sv:169$53_CHECK' from process `\rvfi_insn_check.$proc$rvfi_insn_check.sv:123$92'.
No latch inferred for signal `\rvfi_insn_check.$formal$rvfi_insn_check.sv:169$53_EN' from process `\rvfi_insn_check.$proc$rvfi_insn_check.sv:123$92'.
No latch inferred for signal `\rvfi_insn_check.$formal$rvfi_insn_check.sv:172$54_CHECK' from process `\rvfi_insn_check.$proc$rvfi_insn_check.sv:123$92'.
No latch inferred for signal `\rvfi_insn_check.$formal$rvfi_insn_check.sv:172$54_EN' from process `\rvfi_insn_check.$proc$rvfi_insn_check.sv:123$92'.
No latch inferred for signal `\rvfi_insn_check.$formal$rvfi_insn_check.sv:165$55_CHECK' from process `\rvfi_insn_check.$proc$rvfi_insn_check.sv:123$92'.
No latch inferred for signal `\rvfi_insn_check.$formal$rvfi_insn_check.sv:165$55_EN' from process `\rvfi_insn_check.$proc$rvfi_insn_check.sv:123$92'.
No latch inferred for signal `\rvfi_insn_check.$formal$rvfi_insn_check.sv:166$56_CHECK' from process `\rvfi_insn_check.$proc$rvfi_insn_check.sv:123$92'.
No latch inferred for signal `\rvfi_insn_check.$formal$rvfi_insn_check.sv:166$56_EN' from process `\rvfi_insn_check.$proc$rvfi_insn_check.sv:123$92'.
No latch inferred for signal `\rvfi_insn_check.$formal$rvfi_insn_check.sv:168$57_CHECK' from process `\rvfi_insn_check.$proc$rvfi_insn_check.sv:123$92'.
No latch inferred for signal `\rvfi_insn_check.$formal$rvfi_insn_check.sv:168$57_EN' from process `\rvfi_insn_check.$proc$rvfi_insn_check.sv:123$92'.
No latch inferred for signal `\rvfi_insn_check.$formal$rvfi_insn_check.sv:169$58_CHECK' from process `\rvfi_insn_check.$proc$rvfi_insn_check.sv:123$92'.
No latch inferred for signal `\rvfi_insn_check.$formal$rvfi_insn_check.sv:169$58_EN' from process `\rvfi_insn_check.$proc$rvfi_insn_check.sv:123$92'.
No latch inferred for signal `\rvfi_insn_check.$formal$rvfi_insn_check.sv:172$59_CHECK' from process `\rvfi_insn_check.$proc$rvfi_insn_check.sv:123$92'.
No latch inferred for signal `\rvfi_insn_check.$formal$rvfi_insn_check.sv:172$59_EN' from process `\rvfi_insn_check.$proc$rvfi_insn_check.sv:123$92'.
No latch inferred for signal `\rvfi_insn_check.$formal$rvfi_insn_check.sv:165$60_CHECK' from process `\rvfi_insn_check.$proc$rvfi_insn_check.sv:123$92'.
No latch inferred for signal `\rvfi_insn_check.$formal$rvfi_insn_check.sv:165$60_EN' from process `\rvfi_insn_check.$proc$rvfi_insn_check.sv:123$92'.
No latch inferred for signal `\rvfi_insn_check.$formal$rvfi_insn_check.sv:166$61_CHECK' from process `\rvfi_insn_check.$proc$rvfi_insn_check.sv:123$92'.
No latch inferred for signal `\rvfi_insn_check.$formal$rvfi_insn_check.sv:166$61_EN' from process `\rvfi_insn_check.$proc$rvfi_insn_check.sv:123$92'.
No latch inferred for signal `\rvfi_insn_check.$formal$rvfi_insn_check.sv:168$62_CHECK' from process `\rvfi_insn_check.$proc$rvfi_insn_check.sv:123$92'.
No latch inferred for signal `\rvfi_insn_check.$formal$rvfi_insn_check.sv:168$62_EN' from process `\rvfi_insn_check.$proc$rvfi_insn_check.sv:123$92'.
No latch inferred for signal `\rvfi_insn_check.$formal$rvfi_insn_check.sv:169$63_CHECK' from process `\rvfi_insn_check.$proc$rvfi_insn_check.sv:123$92'.
No latch inferred for signal `\rvfi_insn_check.$formal$rvfi_insn_check.sv:169$63_EN' from process `\rvfi_insn_check.$proc$rvfi_insn_check.sv:123$92'.
No latch inferred for signal `\rvfi_insn_check.$formal$rvfi_insn_check.sv:172$64_CHECK' from process `\rvfi_insn_check.$proc$rvfi_insn_check.sv:123$92'.
No latch inferred for signal `\rvfi_insn_check.$formal$rvfi_insn_check.sv:172$64_EN' from process `\rvfi_insn_check.$proc$rvfi_insn_check.sv:123$92'.
No latch inferred for signal `\rvfi_insn_check.$formal$rvfi_insn_check.sv:176$65_CHECK' from process `\rvfi_insn_check.$proc$rvfi_insn_check.sv:123$92'.
No latch inferred for signal `\rvfi_insn_check.$formal$rvfi_insn_check.sv:176$65_EN' from process `\rvfi_insn_check.$proc$rvfi_insn_check.sv:123$92'.
Latch inferred for signal `\rvfi_insn_check.\i' from process `\rvfi_insn_check.$proc$rvfi_insn_check.sv:123$92': $auto$proc_dlatch.cc:427:proc_dlatch$3081
No latch inferred for signal `\myRiscv.\wr_en' from process `\myRiscv.$proc$/home/ndcsn/workspace/riscv-formal/cores/myRiscv/../../cores/myRiscv/myRiscv.sv:0$330'.
No latch inferred for signal `\myRiscv.\rf_wr_en' from process `\myRiscv.$proc$/home/ndcsn/workspace/riscv-formal/cores/myRiscv/../../cores/myRiscv/myRiscv.sv:0$330'.
No latch inferred for signal `\myRiscv.\src_1_sel' from process `\myRiscv.$proc$/home/ndcsn/workspace/riscv-formal/cores/myRiscv/../../cores/myRiscv/myRiscv.sv:0$330'.
No latch inferred for signal `\myRiscv.\src_2_sel' from process `\myRiscv.$proc$/home/ndcsn/workspace/riscv-formal/cores/myRiscv/../../cores/myRiscv/myRiscv.sv:0$330'.
No latch inferred for signal `\myRiscv.\pc_sel' from process `\myRiscv.$proc$/home/ndcsn/workspace/riscv-formal/cores/myRiscv/../../cores/myRiscv/myRiscv.sv:0$330'.
No latch inferred for signal `\myRiscv.\rd_data_sel' from process `\myRiscv.$proc$/home/ndcsn/workspace/riscv-formal/cores/myRiscv/../../cores/myRiscv/myRiscv.sv:0$330'.
No latch inferred for signal `\myRiscv.\wr_data_sel' from process `\myRiscv.$proc$/home/ndcsn/workspace/riscv-formal/cores/myRiscv/../../cores/myRiscv/myRiscv.sv:0$330'.
No latch inferred for signal `\myRiscv.\imm_sel' from process `\myRiscv.$proc$/home/ndcsn/workspace/riscv-formal/cores/myRiscv/../../cores/myRiscv/myRiscv.sv:0$330'.
No latch inferred for signal `\myRiscv.\ld_ctrl' from process `\myRiscv.$proc$/home/ndcsn/workspace/riscv-formal/cores/myRiscv/../../cores/myRiscv/myRiscv.sv:0$330'.
No latch inferred for signal `\myRiscv.\alu_ctrl' from process `\myRiscv.$proc$/home/ndcsn/workspace/riscv-formal/cores/myRiscv/../../cores/myRiscv/myRiscv.sv:0$330'.
No latch inferred for signal `\myRiscv.\force_zero_lsb' from process `\myRiscv.$proc$/home/ndcsn/workspace/riscv-formal/cores/myRiscv/../../cores/myRiscv/myRiscv.sv:0$330'.
No latch inferred for signal `\myRiscv.\rd_addr_sel' from process `\myRiscv.$proc$/home/ndcsn/workspace/riscv-formal/cores/myRiscv/../../cores/myRiscv/myRiscv.sv:0$330'.
No latch inferred for signal `\myRiscv.\s_ctrl' from process `\myRiscv.$proc$/home/ndcsn/workspace/riscv-formal/cores/myRiscv/../../cores/myRiscv/myRiscv.sv:0$330'.
No latch inferred for signal `\myRiscv.\instr_valid' from process `\myRiscv.$proc$/home/ndcsn/workspace/riscv-formal/cores/myRiscv/../../cores/myRiscv/myRiscv.sv:0$330'.
No latch inferred for signal `\myRiscv.\ctrl_instr_trap' from process `\myRiscv.$proc$/home/ndcsn/workspace/riscv-formal/cores/myRiscv/../../cores/myRiscv/myRiscv.sv:0$330'.
No latch inferred for signal `\myRiscv.\wr_data_ext' from process `\myRiscv.$proc$/home/ndcsn/workspace/riscv-formal/cores/myRiscv/../../cores/myRiscv/myRiscv.sv:0$329'.
No latch inferred for signal `\myRiscv.\rmask' from process `\myRiscv.$proc$/home/ndcsn/workspace/riscv-formal/cores/myRiscv/../../cores/myRiscv/myRiscv.sv:0$328'.
No latch inferred for signal `\myRiscv.\rd_data_ext' from process `\myRiscv.$proc$/home/ndcsn/workspace/riscv-formal/cores/myRiscv/../../cores/myRiscv/myRiscv.sv:0$327'.
No latch inferred for signal `\myRiscv.\imm_ext' from process `\myRiscv.$proc$/home/ndcsn/workspace/riscv-formal/cores/myRiscv/../../cores/myRiscv/myRiscv.sv:0$326'.
No latch inferred for signal `\myRiscv.\b_flag' from process `\myRiscv.$proc$/home/ndcsn/workspace/riscv-formal/cores/myRiscv/../../cores/myRiscv/myRiscv.sv:0$314'.
No latch inferred for signal `\myRiscv.\carry' from process `\myRiscv.$proc$/home/ndcsn/workspace/riscv-formal/cores/myRiscv/../../cores/myRiscv/myRiscv.sv:0$314'.
No latch inferred for signal `\myRiscv.\result' from process `\myRiscv.$proc$/home/ndcsn/workspace/riscv-formal/cores/myRiscv/../../cores/myRiscv/myRiscv.sv:0$314'.
No latch inferred for signal `\myRiscv.\src_data_1' from process `\myRiscv.$proc$/home/ndcsn/workspace/riscv-formal/cores/myRiscv/../../cores/myRiscv/myRiscv.sv:0$307'.
No latch inferred for signal `\myRiscv.\src_data_2' from process `\myRiscv.$proc$/home/ndcsn/workspace/riscv-formal/cores/myRiscv/../../cores/myRiscv/myRiscv.sv:0$307'.
No latch inferred for signal `\myRiscv.\dst_data' from process `\myRiscv.$proc$/home/ndcsn/workspace/riscv-formal/cores/myRiscv/../../cores/myRiscv/myRiscv.sv:0$289'.
No latch inferred for signal `\myRiscv.\alu_in_2' from process `\myRiscv.$proc$/home/ndcsn/workspace/riscv-formal/cores/myRiscv/../../cores/myRiscv/myRiscv.sv:0$288'.
No latch inferred for signal `\myRiscv.\alu_in_1' from process `\myRiscv.$proc$/home/ndcsn/workspace/riscv-formal/cores/myRiscv/../../cores/myRiscv/myRiscv.sv:0$287'.
No latch inferred for signal `\myRiscv.\pc_next' from process `\myRiscv.$proc$/home/ndcsn/workspace/riscv-formal/cores/myRiscv/../../cores/myRiscv/myRiscv.sv:0$286'.
No latch inferred for signal `\myRiscv.\rf_dst_addr' from process `\myRiscv.$proc$/home/ndcsn/workspace/riscv-formal/cores/myRiscv/../../cores/myRiscv/myRiscv.sv:0$280'.
No latch inferred for signal `\myRiscv.\addr' from process `\myRiscv.$proc$/home/ndcsn/workspace/riscv-formal/cores/myRiscv/../../cores/myRiscv/myRiscv.sv:0$277'.

4.2.8. Executing PROC_DFF pass (convert process syncs to FFs).
Creating register for signal `\myRiscv.$memwr$\mem$/home/ndcsn/workspace/riscv-formal/cores/myRiscv/../../cores/myRiscv/myRiscv.sv:182$270_ADDR' using process `\myRiscv.$proc$/home/ndcsn/workspace/riscv-formal/cores/myRiscv/../../cores/myRiscv/myRiscv.sv:180$290'.
  created $dff cell `$procdff$3136' with positive edge clock.
Creating register for signal `\myRiscv.$memwr$\mem$/home/ndcsn/workspace/riscv-formal/cores/myRiscv/../../cores/myRiscv/myRiscv.sv:182$270_DATA' using process `\myRiscv.$proc$/home/ndcsn/workspace/riscv-formal/cores/myRiscv/../../cores/myRiscv/myRiscv.sv:180$290'.
  created $dff cell `$procdff$3137' with positive edge clock.
Creating register for signal `\myRiscv.$memwr$\mem$/home/ndcsn/workspace/riscv-formal/cores/myRiscv/../../cores/myRiscv/myRiscv.sv:182$270_EN' using process `\myRiscv.$proc$/home/ndcsn/workspace/riscv-formal/cores/myRiscv/../../cores/myRiscv/myRiscv.sv:180$290'.
  created $dff cell `$procdff$3138' with positive edge clock.
Creating register for signal `\myRiscv.$memwr$\mem$/home/ndcsn/workspace/riscv-formal/cores/myRiscv/../../cores/myRiscv/myRiscv.sv:184$271_ADDR' using process `\myRiscv.$proc$/home/ndcsn/workspace/riscv-formal/cores/myRiscv/../../cores/myRiscv/myRiscv.sv:180$290'.
  created $dff cell `$procdff$3139' with positive edge clock.
Creating register for signal `\myRiscv.$memwr$\mem$/home/ndcsn/workspace/riscv-formal/cores/myRiscv/../../cores/myRiscv/myRiscv.sv:184$271_DATA' using process `\myRiscv.$proc$/home/ndcsn/workspace/riscv-formal/cores/myRiscv/../../cores/myRiscv/myRiscv.sv:180$290'.
  created $dff cell `$procdff$3140' with positive edge clock.
Creating register for signal `\myRiscv.$memwr$\mem$/home/ndcsn/workspace/riscv-formal/cores/myRiscv/../../cores/myRiscv/myRiscv.sv:184$271_EN' using process `\myRiscv.$proc$/home/ndcsn/workspace/riscv-formal/cores/myRiscv/../../cores/myRiscv/myRiscv.sv:180$290'.
  created $dff cell `$procdff$3141' with positive edge clock.
Creating register for signal `\myRiscv.\pc' using process `\myRiscv.$proc$/home/ndcsn/workspace/riscv-formal/cores/myRiscv/../../cores/myRiscv/myRiscv.sv:117$281'.
  created $dff cell `$procdff$3142' with positive edge clock.
Creating register for signal `\myRiscv.\pc_last' using process `\myRiscv.$proc$/home/ndcsn/workspace/riscv-formal/cores/myRiscv/../../cores/myRiscv/myRiscv.sv:117$281'.
  created $dff cell `$procdff$3143' with positive edge clock.
Creating register for signal `\myRiscv.\instr_index' using process `\myRiscv.$proc$/home/ndcsn/workspace/riscv-formal/cores/myRiscv/../../cores/myRiscv/myRiscv.sv:117$281'.
  created $dff cell `$procdff$3144' with positive edge clock.
Creating register for signal `\rvfi_testbench.\cycle_reg' using process `\rvfi_testbench.$proc$rvfi_testbench.sv:35$7'.
  created $dff cell `$procdff$3145' with positive edge clock.

4.2.9. Executing PROC_MEMWR pass (convert process memory writes to cells).

4.2.10. Executing PROC_CLEAN pass (remove empty switches from decision trees).
Found and cleaned up 21 empty switches in `\rvfi_insn_check.$proc$rvfi_insn_check.sv:123$92'.
Removing empty process `rvfi_insn_check.$proc$rvfi_insn_check.sv:123$92'.
Found and cleaned up 19 empty switches in `\myRiscv.$proc$/home/ndcsn/workspace/riscv-formal/cores/myRiscv/../../cores/myRiscv/myRiscv.sv:0$330'.
Removing empty process `myRiscv.$proc$/home/ndcsn/workspace/riscv-formal/cores/myRiscv/../../cores/myRiscv/myRiscv.sv:0$330'.
Found and cleaned up 1 empty switch in `\myRiscv.$proc$/home/ndcsn/workspace/riscv-formal/cores/myRiscv/../../cores/myRiscv/myRiscv.sv:0$329'.
Removing empty process `myRiscv.$proc$/home/ndcsn/workspace/riscv-formal/cores/myRiscv/../../cores/myRiscv/myRiscv.sv:0$329'.
Found and cleaned up 1 empty switch in `\myRiscv.$proc$/home/ndcsn/workspace/riscv-formal/cores/myRiscv/../../cores/myRiscv/myRiscv.sv:0$328'.
Removing empty process `myRiscv.$proc$/home/ndcsn/workspace/riscv-formal/cores/myRiscv/../../cores/myRiscv/myRiscv.sv:0$328'.
Found and cleaned up 1 empty switch in `\myRiscv.$proc$/home/ndcsn/workspace/riscv-formal/cores/myRiscv/../../cores/myRiscv/myRiscv.sv:0$327'.
Removing empty process `myRiscv.$proc$/home/ndcsn/workspace/riscv-formal/cores/myRiscv/../../cores/myRiscv/myRiscv.sv:0$327'.
Found and cleaned up 1 empty switch in `\myRiscv.$proc$/home/ndcsn/workspace/riscv-formal/cores/myRiscv/../../cores/myRiscv/myRiscv.sv:0$326'.
Removing empty process `myRiscv.$proc$/home/ndcsn/workspace/riscv-formal/cores/myRiscv/../../cores/myRiscv/myRiscv.sv:0$326'.
Found and cleaned up 1 empty switch in `\myRiscv.$proc$/home/ndcsn/workspace/riscv-formal/cores/myRiscv/../../cores/myRiscv/myRiscv.sv:0$314'.
Removing empty process `myRiscv.$proc$/home/ndcsn/workspace/riscv-formal/cores/myRiscv/../../cores/myRiscv/myRiscv.sv:0$314'.
Removing empty process `myRiscv.$proc$/home/ndcsn/workspace/riscv-formal/cores/myRiscv/../../cores/myRiscv/myRiscv.sv:0$307'.
Found and cleaned up 1 empty switch in `\myRiscv.$proc$/home/ndcsn/workspace/riscv-formal/cores/myRiscv/../../cores/myRiscv/myRiscv.sv:180$290'.
Removing empty process `myRiscv.$proc$/home/ndcsn/workspace/riscv-formal/cores/myRiscv/../../cores/myRiscv/myRiscv.sv:180$290'.
Found and cleaned up 1 empty switch in `\myRiscv.$proc$/home/ndcsn/workspace/riscv-formal/cores/myRiscv/../../cores/myRiscv/myRiscv.sv:0$289'.
Removing empty process `myRiscv.$proc$/home/ndcsn/workspace/riscv-formal/cores/myRiscv/../../cores/myRiscv/myRiscv.sv:0$289'.
Found and cleaned up 1 empty switch in `\myRiscv.$proc$/home/ndcsn/workspace/riscv-formal/cores/myRiscv/../../cores/myRiscv/myRiscv.sv:0$288'.
Removing empty process `myRiscv.$proc$/home/ndcsn/workspace/riscv-formal/cores/myRiscv/../../cores/myRiscv/myRiscv.sv:0$288'.
Found and cleaned up 1 empty switch in `\myRiscv.$proc$/home/ndcsn/workspace/riscv-formal/cores/myRiscv/../../cores/myRiscv/myRiscv.sv:0$287'.
Removing empty process `myRiscv.$proc$/home/ndcsn/workspace/riscv-formal/cores/myRiscv/../../cores/myRiscv/myRiscv.sv:0$287'.
Found and cleaned up 1 empty switch in `\myRiscv.$proc$/home/ndcsn/workspace/riscv-formal/cores/myRiscv/../../cores/myRiscv/myRiscv.sv:0$286'.
Removing empty process `myRiscv.$proc$/home/ndcsn/workspace/riscv-formal/cores/myRiscv/../../cores/myRiscv/myRiscv.sv:0$286'.
Found and cleaned up 1 empty switch in `\myRiscv.$proc$/home/ndcsn/workspace/riscv-formal/cores/myRiscv/../../cores/myRiscv/myRiscv.sv:117$281'.
Removing empty process `myRiscv.$proc$/home/ndcsn/workspace/riscv-formal/cores/myRiscv/../../cores/myRiscv/myRiscv.sv:117$281'.
Found and cleaned up 1 empty switch in `\myRiscv.$proc$/home/ndcsn/workspace/riscv-formal/cores/myRiscv/../../cores/myRiscv/myRiscv.sv:0$280'.
Removing empty process `myRiscv.$proc$/home/ndcsn/workspace/riscv-formal/cores/myRiscv/../../cores/myRiscv/myRiscv.sv:0$280'.
Found and cleaned up 1 empty switch in `\myRiscv.$proc$/home/ndcsn/workspace/riscv-formal/cores/myRiscv/../../cores/myRiscv/myRiscv.sv:0$277'.
Removing empty process `myRiscv.$proc$/home/ndcsn/workspace/riscv-formal/cores/myRiscv/../../cores/myRiscv/myRiscv.sv:0$277'.
Removing empty process `rvfi_testbench.$proc$rvfi_testbench.sv:32$13'.
Removing empty process `rvfi_testbench.$proc$rvfi_testbench.sv:35$7'.
Cleaned up 53 empty switches.

4.2.11. Executing OPT_EXPR pass (perform const folding).
Optimizing module rvfi_insn_check.
<suppressed ~106 debug messages>
Optimizing module myRiscv.
<suppressed ~63 debug messages>
Optimizing module rvfi_wrapper.
Optimizing module rvfi_testbench.
Optimizing module rvfi_insn_sb.
<suppressed ~7 debug messages>

4.3. Executing FLATTEN pass (flatten design).
Deleting now unused module rvfi_insn_check.
Deleting now unused module myRiscv.
Deleting now unused module rvfi_wrapper.
Deleting now unused module rvfi_insn_sb.
<suppressed ~4 debug messages>

4.4. Executing OPT_EXPR pass (perform const folding).
Optimizing module rvfi_testbench.
<suppressed ~36 debug messages>

4.5. Executing OPT_CLEAN pass (remove unused cells and wires).
Finding unused cells or wires in module \rvfi_testbench..
Removed 97 unused cells and 1034 unused wires.
<suppressed ~105 debug messages>

4.6. Executing CHECK pass (checking for obvious problems).
Checking module rvfi_testbench...
Found and reported 0 problems.

4.7. Executing OPT pass (performing simple optimizations).

4.7.1. Executing OPT_EXPR pass (perform const folding).
Optimizing module rvfi_testbench.
<suppressed ~2 debug messages>

4.7.2. Executing OPT_MERGE pass (detect identical cells).
Finding identical cells in module `\rvfi_testbench'.
<suppressed ~750 debug messages>
Removed a total of 251 cells.

4.7.3. Executing OPT_MUXTREE pass (detect dead branches in mux trees).
Running muxtree optimizer on module \rvfi_testbench..
  Creating internal representation of mux trees.
  Evaluating internal representation of mux trees.
  Analyzing evaluation results.
    dead port 2/2 on $mux $flatten\wrapper.\uut.$procmux$1183.
    dead port 2/2 on $mux $flatten\wrapper.\uut.$procmux$1199.
    dead port 2/2 on $mux $flatten\wrapper.\uut.$procmux$1219.
    dead port 2/2 on $mux $flatten\wrapper.\uut.$procmux$1239.
    dead port 2/2 on $mux $flatten\wrapper.\uut.$procmux$1247.
    dead port 2/2 on $mux $flatten\wrapper.\uut.$procmux$1255.
    dead port 2/2 on $mux $flatten\wrapper.\uut.$procmux$1263.
    dead port 2/2 on $mux $flatten\wrapper.\uut.$procmux$1271.
    dead port 2/2 on $mux $flatten\wrapper.\uut.$procmux$1278.
    dead port 2/2 on $mux $flatten\wrapper.\uut.$procmux$1288.
    dead port 2/2 on $mux $flatten\wrapper.\uut.$procmux$1308.
    dead port 2/2 on $mux $flatten\wrapper.\uut.$procmux$1330.
    dead port 2/2 on $mux $flatten\wrapper.\uut.$procmux$1352.
    dead port 2/2 on $mux $flatten\wrapper.\uut.$procmux$1362.
    dead port 2/2 on $mux $flatten\wrapper.\uut.$procmux$1372.
    dead port 2/2 on $mux $flatten\wrapper.\uut.$procmux$1382.
    dead port 2/2 on $mux $flatten\wrapper.\uut.$procmux$1391.
    dead port 2/2 on $mux $flatten\wrapper.\uut.$procmux$1400.
    dead port 2/2 on $mux $flatten\wrapper.\uut.$procmux$1410.
    dead port 1/2 on $mux $flatten\wrapper.\uut.$procmux$1422.
    dead port 1/2 on $mux $flatten\wrapper.\uut.$procmux$1425.
    dead port 2/2 on $mux $flatten\wrapper.\uut.$procmux$1427.
    dead port 1/2 on $mux $flatten\wrapper.\uut.$procmux$1456.
    dead port 1/2 on $mux $flatten\wrapper.\uut.$procmux$1459.
    dead port 2/2 on $mux $flatten\wrapper.\uut.$procmux$1461.
    dead port 1/2 on $mux $flatten\wrapper.\uut.$procmux$1521.
    dead port 1/2 on $mux $flatten\wrapper.\uut.$procmux$1524.
    dead port 2/2 on $mux $flatten\wrapper.\uut.$procmux$1526.
    dead port 1/2 on $mux $flatten\wrapper.\uut.$procmux$1537.
    dead port 1/2 on $mux $flatten\wrapper.\uut.$procmux$1540.
    dead port 2/2 on $mux $flatten\wrapper.\uut.$procmux$1542.
    dead port 1/2 on $mux $flatten\wrapper.\uut.$procmux$1554.
    dead port 1/2 on $mux $flatten\wrapper.\uut.$procmux$1557.
    dead port 2/2 on $mux $flatten\wrapper.\uut.$procmux$1559.
    dead port 1/2 on $mux $flatten\wrapper.\uut.$procmux$1571.
    dead port 1/2 on $mux $flatten\wrapper.\uut.$procmux$1574.
    dead port 2/2 on $mux $flatten\wrapper.\uut.$procmux$1576.
    dead port 1/2 on $mux $flatten\wrapper.\uut.$procmux$1588.
    dead port 1/2 on $mux $flatten\wrapper.\uut.$procmux$1591.
    dead port 2/2 on $mux $flatten\wrapper.\uut.$procmux$1593.
    dead port 1/2 on $mux $flatten\wrapper.\uut.$procmux$1604.
    dead port 1/2 on $mux $flatten\wrapper.\uut.$procmux$1607.
    dead port 2/2 on $mux $flatten\wrapper.\uut.$procmux$1609.
    dead port 1/2 on $mux $flatten\wrapper.\uut.$procmux$1621.
    dead port 2/2 on $mux $flatten\wrapper.\uut.$procmux$1623.
    dead port 1/2 on $mux $flatten\wrapper.\uut.$procmux$1649.
    dead port 2/2 on $mux $flatten\wrapper.\uut.$procmux$1651.
    dead port 1/2 on $mux $flatten\wrapper.\uut.$procmux$1705.
    dead port 2/2 on $mux $flatten\wrapper.\uut.$procmux$1707.
    dead port 1/2 on $mux $flatten\wrapper.\uut.$procmux$1719.
    dead port 2/2 on $mux $flatten\wrapper.\uut.$procmux$1721.
    dead port 1/2 on $mux $flatten\wrapper.\uut.$procmux$1733.
    dead port 2/2 on $mux $flatten\wrapper.\uut.$procmux$1735.
    dead port 1/2 on $mux $flatten\wrapper.\uut.$procmux$1747.
    dead port 2/2 on $mux $flatten\wrapper.\uut.$procmux$1749.
    dead port 1/2 on $mux $flatten\wrapper.\uut.$procmux$1761.
    dead port 2/2 on $mux $flatten\wrapper.\uut.$procmux$1763.
    dead port 1/2 on $mux $flatten\wrapper.\uut.$procmux$1775.
    dead port 2/2 on $mux $flatten\wrapper.\uut.$procmux$1777.
    dead port 2/2 on $mux $flatten\wrapper.\uut.$procmux$1788.
    dead port 2/2 on $mux $flatten\wrapper.\uut.$procmux$1810.
    dead port 2/2 on $mux $flatten\wrapper.\uut.$procmux$1854.
    dead port 2/2 on $mux $flatten\wrapper.\uut.$procmux$1865.
    dead port 2/2 on $mux $flatten\wrapper.\uut.$procmux$1876.
    dead port 2/2 on $mux $flatten\wrapper.\uut.$procmux$1887.
    dead port 2/2 on $mux $flatten\wrapper.\uut.$procmux$1898.
    dead port 2/2 on $mux $flatten\wrapper.\uut.$procmux$1909.
    dead port 1/2 on $mux $flatten\wrapper.\uut.$procmux$1922.
    dead port 1/2 on $mux $flatten\wrapper.\uut.$procmux$1925.
    dead port 2/2 on $mux $flatten\wrapper.\uut.$procmux$1927.
    dead port 1/2 on $mux $flatten\wrapper.\uut.$procmux$1940.
    dead port 2/2 on $mux $flatten\wrapper.\uut.$procmux$1942.
    dead port 1/2 on $mux $flatten\wrapper.\uut.$procmux$1957.
    dead port 1/2 on $mux $flatten\wrapper.\uut.$procmux$1960.
    dead port 1/2 on $mux $flatten\wrapper.\uut.$procmux$1963.
    dead port 2/2 on $mux $flatten\wrapper.\uut.$procmux$1965.
    dead port 1/2 on $mux $flatten\wrapper.\uut.$procmux$1978.
    dead port 1/2 on $mux $flatten\wrapper.\uut.$procmux$1981.
    dead port 2/2 on $mux $flatten\wrapper.\uut.$procmux$1983.
    dead port 1/2 on $mux $flatten\wrapper.\uut.$procmux$1996.
    dead port 2/2 on $mux $flatten\wrapper.\uut.$procmux$1998.
    dead port 2/2 on $mux $flatten\wrapper.\uut.$procmux$2010.
    dead port 2/2 on $mux $flatten\wrapper.\uut.$procmux$2034.
    dead port 2/2 on $mux $flatten\wrapper.\uut.$procmux$2058.
    dead port 2/2 on $mux $flatten\wrapper.\uut.$procmux$2093.
    dead port 2/2 on $mux $flatten\wrapper.\uut.$procmux$2105.
    dead port 2/2 on $mux $flatten\wrapper.\uut.$procmux$2117.
    dead port 2/2 on $mux $flatten\wrapper.\uut.$procmux$2128.
    dead port 2/2 on $mux $flatten\wrapper.\uut.$procmux$2140.
    dead port 2/2 on $mux $flatten\wrapper.\uut.$procmux$2152.
    dead port 2/2 on $mux $flatten\wrapper.\uut.$procmux$2164.
    dead port 2/2 on $mux $flatten\wrapper.\uut.$procmux$2176.
    dead port 1/2 on $mux $flatten\wrapper.\uut.$procmux$2190.
    dead port 2/2 on $mux $flatten\wrapper.\uut.$procmux$2192.
    dead port 1/2 on $mux $flatten\wrapper.\uut.$procmux$2222.
    dead port 2/2 on $mux $flatten\wrapper.\uut.$procmux$2224.
    dead port 1/2 on $mux $flatten\wrapper.\uut.$procmux$2252.
    dead port 2/2 on $mux $flatten\wrapper.\uut.$procmux$2254.
    dead port 1/2 on $mux $flatten\wrapper.\uut.$procmux$2282.
    dead port 2/2 on $mux $flatten\wrapper.\uut.$procmux$2284.
    dead port 1/2 on $mux $flatten\wrapper.\uut.$procmux$2297.
    dead port 2/2 on $mux $flatten\wrapper.\uut.$procmux$2299.
    dead port 1/2 on $mux $flatten\wrapper.\uut.$procmux$2313.
    dead port 2/2 on $mux $flatten\wrapper.\uut.$procmux$2315.
    dead port 1/2 on $mux $flatten\wrapper.\uut.$procmux$2329.
    dead port 2/2 on $mux $flatten\wrapper.\uut.$procmux$2331.
    dead port 1/2 on $mux $flatten\wrapper.\uut.$procmux$2345.
    dead port 2/2 on $mux $flatten\wrapper.\uut.$procmux$2347.
    dead port 1/2 on $mux $flatten\wrapper.\uut.$procmux$2360.
    dead port 2/2 on $mux $flatten\wrapper.\uut.$procmux$2362.
    dead port 2/2 on $mux $flatten\wrapper.\uut.$procmux$2375.
    dead port 2/2 on $mux $flatten\wrapper.\uut.$procmux$2401.
    dead port 2/2 on $mux $flatten\wrapper.\uut.$procmux$2427.
    dead port 2/2 on $mux $flatten\wrapper.\uut.$procmux$2453.
    dead port 2/2 on $mux $flatten\wrapper.\uut.$procmux$2466.
    dead port 2/2 on $mux $flatten\wrapper.\uut.$procmux$2479.
    dead port 2/2 on $mux $flatten\wrapper.\uut.$procmux$2492.
    dead port 2/2 on $mux $flatten\wrapper.\uut.$procmux$2505.
    dead port 2/2 on $mux $flatten\wrapper.\uut.$procmux$2518.
    dead port 1/2 on $mux $flatten\wrapper.\uut.$procmux$2533.
    dead port 1/2 on $mux $flatten\wrapper.\uut.$procmux$2536.
    dead port 2/2 on $mux $flatten\wrapper.\uut.$procmux$2538.
    dead port 1/2 on $mux $flatten\wrapper.\uut.$procmux$2553.
    dead port 2/2 on $mux $flatten\wrapper.\uut.$procmux$2555.
    dead port 1/2 on $mux $flatten\wrapper.\uut.$procmux$2570.
    dead port 1/2 on $mux $flatten\wrapper.\uut.$procmux$2573.
    dead port 2/2 on $mux $flatten\wrapper.\uut.$procmux$2575.
    dead port 1/2 on $mux $flatten\wrapper.\uut.$procmux$2590.
    dead port 2/2 on $mux $flatten\wrapper.\uut.$procmux$2592.
    dead port 2/2 on $mux $flatten\wrapper.\uut.$procmux$2606.
    dead port 2/2 on $mux $flatten\wrapper.\uut.$procmux$2634.
    dead port 2/2 on $mux $flatten\wrapper.\uut.$procmux$2648.
    dead port 2/2 on $mux $flatten\wrapper.\uut.$procmux$2662.
    dead port 2/2 on $mux $flatten\wrapper.\uut.$procmux$2688.
    dead port 2/2 on $mux $flatten\wrapper.\uut.$procmux$2701.
    dead port 2/2 on $mux $flatten\wrapper.\uut.$procmux$2715.
    dead port 2/2 on $mux $flatten\wrapper.\uut.$procmux$2729.
    dead port 2/2 on $mux $flatten\wrapper.\uut.$procmux$2743.
    dead port 2/2 on $mux $flatten\wrapper.\uut.$procmux$2756.
    dead port 2/2 on $mux $flatten\wrapper.\uut.$procmux$2770.
    dead port 1/2 on $mux $flatten\wrapper.\uut.$ternary$/home/ndcsn/workspace/riscv-formal/cores/myRiscv/../../cores/myRiscv/myRiscv.sv:127$285.
Removed 141 multiplexer ports.
<suppressed ~111 debug messages>

4.7.4. Executing OPT_REDUCE pass (consolidate $*mux and $reduce_* inputs).
  Optimizing cells in module \rvfi_testbench.
    New ctrl vector for $mux cell $flatten\wrapper.\uut.$procmux$1716: { }
    New ctrl vector for $mux cell $flatten\wrapper.\uut.$procmux$1772: { }
    New ctrl vector for $mux cell $flatten\wrapper.\uut.$procmux$1863: { }
    New ctrl vector for $mux cell $flatten\wrapper.\uut.$procmux$1907: { }
    New ctrl vector for $mux cell $flatten\wrapper.\uut.$procmux$2464: { }
    New ctrl vector for $mux cell $flatten\wrapper.\uut.$procmux$2516: { }
    New ctrl vector for $pmux cell $flatten\wrapper.\uut.$procmux$2773: { $flatten\wrapper.\uut.$procmux$2539_CMP $flatten\wrapper.\uut.$procmux$2193_CMP $flatten\wrapper.\uut.$procmux$1928_CMP $flatten\wrapper.\uut.$procmux$1428_CMP $flatten\wrapper.\uut.$procmux$1289_CMP $flatten\wrapper.\uut.$procmux$2777_CMP $flatten\wrapper.\uut.$procmux$1184_CMP $auto$opt_reduce.cc:134:opt_mux$3149 }
    New ctrl vector for $pmux cell $flatten\wrapper.\uut.$procmux$2816: $flatten\wrapper.\uut.$procmux$2539_CMP
    New ctrl vector for $pmux cell $flatten\wrapper.\uut.$procmux$2824: { $flatten\wrapper.\uut.$procmux$2539_CMP $flatten\wrapper.\uut.$procmux$2193_CMP $flatten\wrapper.\uut.$procmux$1928_CMP $flatten\wrapper.\uut.$procmux$1289_CMP $flatten\wrapper.\uut.$procmux$2777_CMP $flatten\wrapper.\uut.$procmux$1184_CMP $auto$opt_reduce.cc:134:opt_mux$3151 }
    New ctrl vector for $pmux cell $flatten\wrapper.\uut.$procmux$2845: { $flatten\wrapper.\uut.$procmux$2539_CMP $flatten\wrapper.\uut.$procmux$2193_CMP $flatten\wrapper.\uut.$procmux$1428_CMP $flatten\wrapper.\uut.$procmux$1289_CMP $flatten\wrapper.\uut.$procmux$2777_CMP $flatten\wrapper.\uut.$procmux$1184_CMP $flatten\wrapper.\uut.$procmux$2775_CMP $flatten\wrapper.\uut.$procmux$2774_CMP }
    New ctrl vector for $pmux cell $flatten\wrapper.\uut.$procmux$2858: { $flatten\wrapper.\uut.$procmux$1289_CMP $flatten\wrapper.\uut.$procmux$2777_CMP $flatten\wrapper.\uut.$procmux$1184_CMP }
    New ctrl vector for $pmux cell $flatten\wrapper.\uut.$procmux$2885: { $flatten\wrapper.\uut.$procmux$2539_CMP $flatten\wrapper.\uut.$procmux$2193_CMP $flatten\wrapper.\uut.$procmux$1428_CMP $flatten\wrapper.\uut.$procmux$2777_CMP $flatten\wrapper.\uut.$procmux$1184_CMP $auto$opt_reduce.cc:134:opt_mux$3153 }
    New ctrl vector for $pmux cell $flatten\wrapper.\uut.$procmux$2898: $flatten\wrapper.\uut.$procmux$1928_CMP
    New ctrl vector for $pmux cell $flatten\wrapper.\uut.$procmux$2923: { $flatten\wrapper.\uut.$procmux$2927_CMP $auto$opt_reduce.cc:134:opt_mux$3155 $flatten\wrapper.\uut.$procmux$2925_CMP $flatten\wrapper.\uut.$procmux$2924_CMP }
    New ctrl vector for $pmux cell $flatten\wrapper.\uut.$procmux$2932: { $flatten\wrapper.\uut.$procmux$2929_CMP $auto$opt_reduce.cc:134:opt_mux$3159 $auto$opt_reduce.cc:134:opt_mux$3157 }
    New ctrl vector for $pmux cell $flatten\wrapper.\uut.$procmux$2941: { $auto$opt_reduce.cc:134:opt_mux$3163 $auto$opt_reduce.cc:134:opt_mux$3161 $flatten\wrapper.\uut.$procmux$2924_CMP }
    New ctrl vector for $pmux cell $flatten\wrapper.\uut.$procmux$2950: { $auto$opt_reduce.cc:134:opt_mux$3167 $auto$opt_reduce.cc:134:opt_mux$3165 }
    New ctrl vector for $pmux cell $flatten\wrapper.\uut.$procmux$2959: { $flatten\wrapper.\uut.$procmux$2966_CMP $auto$opt_reduce.cc:134:opt_mux$3179 $auto$opt_reduce.cc:134:opt_mux$3177 $auto$opt_reduce.cc:134:opt_mux$3175 $auto$opt_reduce.cc:134:opt_mux$3173 $auto$opt_reduce.cc:134:opt_mux$3171 $auto$opt_reduce.cc:134:opt_mux$3169 }
    Consolidated identical input bits for $mux cell $flatten\wrapper.\uut.$procmux$3031:
      Old ports: A=0, B=32'11111111111111111111111111111111, Y=$flatten\wrapper.\uut.$0$memwr$\mem$/home/ndcsn/workspace/riscv-formal/cores/myRiscv/../../cores/myRiscv/myRiscv.sv:182$270_EN[31:0]$293
      New ports: A=1'0, B=1'1, Y=$flatten\wrapper.\uut.$0$memwr$\mem$/home/ndcsn/workspace/riscv-formal/cores/myRiscv/../../cores/myRiscv/myRiscv.sv:182$270_EN[31:0]$293 [0]
      New connections: $flatten\wrapper.\uut.$0$memwr$\mem$/home/ndcsn/workspace/riscv-formal/cores/myRiscv/../../cores/myRiscv/myRiscv.sv:182$270_EN[31:0]$293 [31:1] = { $flatten\wrapper.\uut.$0$memwr$\mem$/home/ndcsn/workspace/riscv-formal/cores/myRiscv/../../cores/myRiscv/myRiscv.sv:182$270_EN[31:0]$293 [0] $flatten\wrapper.\uut.$0$memwr$\mem$/home/ndcsn/workspace/riscv-formal/cores/myRiscv/../../cores/myRiscv/myRiscv.sv:182$270_EN[31:0]$293 [0] $flatten\wrapper.\uut.$0$memwr$\mem$/home/ndcsn/workspace/riscv-formal/cores/myRiscv/../../cores/myRiscv/myRiscv.sv:182$270_EN[31:0]$293 [0] $flatten\wrapper.\uut.$0$memwr$\mem$/home/ndcsn/workspace/riscv-formal/cores/myRiscv/../../cores/myRiscv/myRiscv.sv:182$270_EN[31:0]$293 [0] $flatten\wrapper.\uut.$0$memwr$\mem$/home/ndcsn/workspace/riscv-formal/cores/myRiscv/../../cores/myRiscv/myRiscv.sv:182$270_EN[31:0]$293 [0] $flatten\wrapper.\uut.$0$memwr$\mem$/home/ndcsn/workspace/riscv-formal/cores/myRiscv/../../cores/myRiscv/myRiscv.sv:182$270_EN[31:0]$293 [0] $flatten\wrapper.\uut.$0$memwr$\mem$/home/ndcsn/workspace/riscv-formal/cores/myRiscv/../../cores/myRiscv/myRiscv.sv:182$270_EN[31:0]$293 [0] $flatten\wrapper.\uut.$0$memwr$\mem$/home/ndcsn/workspace/riscv-formal/cores/myRiscv/../../cores/myRiscv/myRiscv.sv:182$270_EN[31:0]$293 [0] $flatten\wrapper.\uut.$0$memwr$\mem$/home/ndcsn/workspace/riscv-formal/cores/myRiscv/../../cores/myRiscv/myRiscv.sv:182$270_EN[31:0]$293 [0] $flatten\wrapper.\uut.$0$memwr$\mem$/home/ndcsn/workspace/riscv-formal/cores/myRiscv/../../cores/myRiscv/myRiscv.sv:182$270_EN[31:0]$293 [0] $flatten\wrapper.\uut.$0$memwr$\mem$/home/ndcsn/workspace/riscv-formal/cores/myRiscv/../../cores/myRiscv/myRiscv.sv:182$270_EN[31:0]$293 [0] $flatten\wrapper.\uut.$0$memwr$\mem$/home/ndcsn/workspace/riscv-formal/cores/myRiscv/../../cores/myRiscv/myRiscv.sv:182$270_EN[31:0]$293 [0] $flatten\wrapper.\uut.$0$memwr$\mem$/home/ndcsn/workspace/riscv-formal/cores/myRiscv/../../cores/myRiscv/myRiscv.sv:182$270_EN[31:0]$293 [0] $flatten\wrapper.\uut.$0$memwr$\mem$/home/ndcsn/workspace/riscv-formal/cores/myRiscv/../../cores/myRiscv/myRiscv.sv:182$270_EN[31:0]$293 [0] $flatten\wrapper.\uut.$0$memwr$\mem$/home/ndcsn/workspace/riscv-formal/cores/myRiscv/../../cores/myRiscv/myRiscv.sv:182$270_EN[31:0]$293 [0] $flatten\wrapper.\uut.$0$memwr$\mem$/home/ndcsn/workspace/riscv-formal/cores/myRiscv/../../cores/myRiscv/myRiscv.sv:182$270_EN[31:0]$293 [0] $flatten\wrapper.\uut.$0$memwr$\mem$/home/ndcsn/workspace/riscv-formal/cores/myRiscv/../../cores/myRiscv/myRiscv.sv:182$270_EN[31:0]$293 [0] $flatten\wrapper.\uut.$0$memwr$\mem$/home/ndcsn/workspace/riscv-formal/cores/myRiscv/../../cores/myRiscv/myRiscv.sv:182$270_EN[31:0]$293 [0] $flatten\wrapper.\uut.$0$memwr$\mem$/home/ndcsn/workspace/riscv-formal/cores/myRiscv/../../cores/myRiscv/myRiscv.sv:182$270_EN[31:0]$293 [0] $flatten\wrapper.\uut.$0$memwr$\mem$/home/ndcsn/workspace/riscv-formal/cores/myRiscv/../../cores/myRiscv/myRiscv.sv:182$270_EN[31:0]$293 [0] $flatten\wrapper.\uut.$0$memwr$\mem$/home/ndcsn/workspace/riscv-formal/cores/myRiscv/../../cores/myRiscv/myRiscv.sv:182$270_EN[31:0]$293 [0] $flatten\wrapper.\uut.$0$memwr$\mem$/home/ndcsn/workspace/riscv-formal/cores/myRiscv/../../cores/myRiscv/myRiscv.sv:182$270_EN[31:0]$293 [0] $flatten\wrapper.\uut.$0$memwr$\mem$/home/ndcsn/workspace/riscv-formal/cores/myRiscv/../../cores/myRiscv/myRiscv.sv:182$270_EN[31:0]$293 [0] $flatten\wrapper.\uut.$0$memwr$\mem$/home/ndcsn/workspace/riscv-formal/cores/myRiscv/../../cores/myRiscv/myRiscv.sv:182$270_EN[31:0]$293 [0] $flatten\wrapper.\uut.$0$memwr$\mem$/home/ndcsn/workspace/riscv-formal/cores/myRiscv/../../cores/myRiscv/myRiscv.sv:182$270_EN[31:0]$293 [0] $flatten\wrapper.\uut.$0$memwr$\mem$/home/ndcsn/workspace/riscv-formal/cores/myRiscv/../../cores/myRiscv/myRiscv.sv:182$270_EN[31:0]$293 [0] $flatten\wrapper.\uut.$0$memwr$\mem$/home/ndcsn/workspace/riscv-formal/cores/myRiscv/../../cores/myRiscv/myRiscv.sv:182$270_EN[31:0]$293 [0] $flatten\wrapper.\uut.$0$memwr$\mem$/home/ndcsn/workspace/riscv-formal/cores/myRiscv/../../cores/myRiscv/myRiscv.sv:182$270_EN[31:0]$293 [0] $flatten\wrapper.\uut.$0$memwr$\mem$/home/ndcsn/workspace/riscv-formal/cores/myRiscv/../../cores/myRiscv/myRiscv.sv:182$270_EN[31:0]$293 [0] $flatten\wrapper.\uut.$0$memwr$\mem$/home/ndcsn/workspace/riscv-formal/cores/myRiscv/../../cores/myRiscv/myRiscv.sv:182$270_EN[31:0]$293 [0] $flatten\wrapper.\uut.$0$memwr$\mem$/home/ndcsn/workspace/riscv-formal/cores/myRiscv/../../cores/myRiscv/myRiscv.sv:182$270_EN[31:0]$293 [0] }
    Consolidated identical input bits for $mux cell $flatten\wrapper.\uut.$procmux$3040:
      Old ports: A=32'11111111111111111111111111111111, B=0, Y=$flatten\wrapper.\uut.$0$memwr$\mem$/home/ndcsn/workspace/riscv-formal/cores/myRiscv/../../cores/myRiscv/myRiscv.sv:184$271_EN[31:0]$296
      New ports: A=1'1, B=1'0, Y=$flatten\wrapper.\uut.$0$memwr$\mem$/home/ndcsn/workspace/riscv-formal/cores/myRiscv/../../cores/myRiscv/myRiscv.sv:184$271_EN[31:0]$296 [0]
      New connections: $flatten\wrapper.\uut.$0$memwr$\mem$/home/ndcsn/workspace/riscv-formal/cores/myRiscv/../../cores/myRiscv/myRiscv.sv:184$271_EN[31:0]$296 [31:1] = { $flatten\wrapper.\uut.$0$memwr$\mem$/home/ndcsn/workspace/riscv-formal/cores/myRiscv/../../cores/myRiscv/myRiscv.sv:184$271_EN[31:0]$296 [0] $flatten\wrapper.\uut.$0$memwr$\mem$/home/ndcsn/workspace/riscv-formal/cores/myRiscv/../../cores/myRiscv/myRiscv.sv:184$271_EN[31:0]$296 [0] $flatten\wrapper.\uut.$0$memwr$\mem$/home/ndcsn/workspace/riscv-formal/cores/myRiscv/../../cores/myRiscv/myRiscv.sv:184$271_EN[31:0]$296 [0] $flatten\wrapper.\uut.$0$memwr$\mem$/home/ndcsn/workspace/riscv-formal/cores/myRiscv/../../cores/myRiscv/myRiscv.sv:184$271_EN[31:0]$296 [0] $flatten\wrapper.\uut.$0$memwr$\mem$/home/ndcsn/workspace/riscv-formal/cores/myRiscv/../../cores/myRiscv/myRiscv.sv:184$271_EN[31:0]$296 [0] $flatten\wrapper.\uut.$0$memwr$\mem$/home/ndcsn/workspace/riscv-formal/cores/myRiscv/../../cores/myRiscv/myRiscv.sv:184$271_EN[31:0]$296 [0] $flatten\wrapper.\uut.$0$memwr$\mem$/home/ndcsn/workspace/riscv-formal/cores/myRiscv/../../cores/myRiscv/myRiscv.sv:184$271_EN[31:0]$296 [0] $flatten\wrapper.\uut.$0$memwr$\mem$/home/ndcsn/workspace/riscv-formal/cores/myRiscv/../../cores/myRiscv/myRiscv.sv:184$271_EN[31:0]$296 [0] $flatten\wrapper.\uut.$0$memwr$\mem$/home/ndcsn/workspace/riscv-formal/cores/myRiscv/../../cores/myRiscv/myRiscv.sv:184$271_EN[31:0]$296 [0] $flatten\wrapper.\uut.$0$memwr$\mem$/home/ndcsn/workspace/riscv-formal/cores/myRiscv/../../cores/myRiscv/myRiscv.sv:184$271_EN[31:0]$296 [0] $flatten\wrapper.\uut.$0$memwr$\mem$/home/ndcsn/workspace/riscv-formal/cores/myRiscv/../../cores/myRiscv/myRiscv.sv:184$271_EN[31:0]$296 [0] $flatten\wrapper.\uut.$0$memwr$\mem$/home/ndcsn/workspace/riscv-formal/cores/myRiscv/../../cores/myRiscv/myRiscv.sv:184$271_EN[31:0]$296 [0] $flatten\wrapper.\uut.$0$memwr$\mem$/home/ndcsn/workspace/riscv-formal/cores/myRiscv/../../cores/myRiscv/myRiscv.sv:184$271_EN[31:0]$296 [0] $flatten\wrapper.\uut.$0$memwr$\mem$/home/ndcsn/workspace/riscv-formal/cores/myRiscv/../../cores/myRiscv/myRiscv.sv:184$271_EN[31:0]$296 [0] $flatten\wrapper.\uut.$0$memwr$\mem$/home/ndcsn/workspace/riscv-formal/cores/myRiscv/../../cores/myRiscv/myRiscv.sv:184$271_EN[31:0]$296 [0] $flatten\wrapper.\uut.$0$memwr$\mem$/home/ndcsn/workspace/riscv-formal/cores/myRiscv/../../cores/myRiscv/myRiscv.sv:184$271_EN[31:0]$296 [0] $flatten\wrapper.\uut.$0$memwr$\mem$/home/ndcsn/workspace/riscv-formal/cores/myRiscv/../../cores/myRiscv/myRiscv.sv:184$271_EN[31:0]$296 [0] $flatten\wrapper.\uut.$0$memwr$\mem$/home/ndcsn/workspace/riscv-formal/cores/myRiscv/../../cores/myRiscv/myRiscv.sv:184$271_EN[31:0]$296 [0] $flatten\wrapper.\uut.$0$memwr$\mem$/home/ndcsn/workspace/riscv-formal/cores/myRiscv/../../cores/myRiscv/myRiscv.sv:184$271_EN[31:0]$296 [0] $flatten\wrapper.\uut.$0$memwr$\mem$/home/ndcsn/workspace/riscv-formal/cores/myRiscv/../../cores/myRiscv/myRiscv.sv:184$271_EN[31:0]$296 [0] $flatten\wrapper.\uut.$0$memwr$\mem$/home/ndcsn/workspace/riscv-formal/cores/myRiscv/../../cores/myRiscv/myRiscv.sv:184$271_EN[31:0]$296 [0] $flatten\wrapper.\uut.$0$memwr$\mem$/home/ndcsn/workspace/riscv-formal/cores/myRiscv/../../cores/myRiscv/myRiscv.sv:184$271_EN[31:0]$296 [0] $flatten\wrapper.\uut.$0$memwr$\mem$/home/ndcsn/workspace/riscv-formal/cores/myRiscv/../../cores/myRiscv/myRiscv.sv:184$271_EN[31:0]$296 [0] $flatten\wrapper.\uut.$0$memwr$\mem$/home/ndcsn/workspace/riscv-formal/cores/myRiscv/../../cores/myRiscv/myRiscv.sv:184$271_EN[31:0]$296 [0] $flatten\wrapper.\uut.$0$memwr$\mem$/home/ndcsn/workspace/riscv-formal/cores/myRiscv/../../cores/myRiscv/myRiscv.sv:184$271_EN[31:0]$296 [0] $flatten\wrapper.\uut.$0$memwr$\mem$/home/ndcsn/workspace/riscv-formal/cores/myRiscv/../../cores/myRiscv/myRiscv.sv:184$271_EN[31:0]$296 [0] $flatten\wrapper.\uut.$0$memwr$\mem$/home/ndcsn/workspace/riscv-formal/cores/myRiscv/../../cores/myRiscv/myRiscv.sv:184$271_EN[31:0]$296 [0] $flatten\wrapper.\uut.$0$memwr$\mem$/home/ndcsn/workspace/riscv-formal/cores/myRiscv/../../cores/myRiscv/myRiscv.sv:184$271_EN[31:0]$296 [0] $flatten\wrapper.\uut.$0$memwr$\mem$/home/ndcsn/workspace/riscv-formal/cores/myRiscv/../../cores/myRiscv/myRiscv.sv:184$271_EN[31:0]$296 [0] $flatten\wrapper.\uut.$0$memwr$\mem$/home/ndcsn/workspace/riscv-formal/cores/myRiscv/../../cores/myRiscv/myRiscv.sv:184$271_EN[31:0]$296 [0] $flatten\wrapper.\uut.$0$memwr$\mem$/home/ndcsn/workspace/riscv-formal/cores/myRiscv/../../cores/myRiscv/myRiscv.sv:184$271_EN[31:0]$296 [0] }
  Optimizing cells in module \rvfi_testbench.
Performed a total of 20 changes.

4.7.5. Executing OPT_MERGE pass (detect identical cells).
Finding identical cells in module `\rvfi_testbench'.
<suppressed ~183 debug messages>
Removed a total of 61 cells.

4.7.6. Executing OPT_CLEAN pass (remove unused cells and wires).
Finding unused cells or wires in module \rvfi_testbench..
Removed 0 unused cells and 458 unused wires.
<suppressed ~1 debug messages>

4.7.7. Executing OPT_EXPR pass (perform const folding).
Optimizing module rvfi_testbench.

4.7.8. Rerunning OPT passes. (Maybe there is more to do..)

4.7.9. Executing OPT_MUXTREE pass (detect dead branches in mux trees).
Running muxtree optimizer on module \rvfi_testbench..
  Creating internal representation of mux trees.
  Evaluating internal representation of mux trees.
  Analyzing evaluation results.
Removed 0 multiplexer ports.
<suppressed ~99 debug messages>

4.7.10. Executing OPT_REDUCE pass (consolidate $*mux and $reduce_* inputs).
  Optimizing cells in module \rvfi_testbench.
Performed a total of 0 changes.

4.7.11. Executing OPT_MERGE pass (detect identical cells).
Finding identical cells in module `\rvfi_testbench'.
Removed a total of 0 cells.

4.7.12. Executing OPT_CLEAN pass (remove unused cells and wires).
Finding unused cells or wires in module \rvfi_testbench..

4.7.13. Executing OPT_EXPR pass (perform const folding).
Optimizing module rvfi_testbench.

4.7.14. Finished OPT passes. (There is nothing left to do.)

4.8. Executing WREDUCE pass (reducing word size of cells).
Removed top 24 bits (of 32) from mux cell rvfi_testbench.$ternary$rvfi_testbench.sv:33$6 ($mux).
Removed top 31 bits (of 32) from port B of cell rvfi_testbench.$add$rvfi_testbench.sv:36$9 ($add).
Removed top 23 bits (of 32) from port Y of cell rvfi_testbench.$add$rvfi_testbench.sv:36$9 ($add).
Removed top 24 bits (of 32) from mux cell rvfi_testbench.$ternary$rvfi_testbench.sv:36$10 ($mux).
Removed top 31 bits (of 32) from port B of cell rvfi_testbench.$lt$rvfi_testbench.sv:41$11 ($lt).
Removed top 3 bits (of 8) from port B of cell rvfi_testbench.$eq$rvfi_testbench.sv:53$12 ($eq).
Removed top 31 bits (of 32) from port B of cell rvfi_testbench.$flatten\checker_inst.\insn_spec.$and$insn_sb.v:53$264 ($and).
Removed top 29 bits (of 32) from port B of cell rvfi_testbench.$flatten\checker_inst.\insn_spec.$add$insn_sb.v:52$263 ($add).
Removed top 1 bits (of 7) from port B of cell rvfi_testbench.$flatten\checker_inst.\insn_spec.$eq$insn_sb.v:46$255 ($eq).
Removed top 30 bits (of 32) from port A of cell rvfi_testbench.$flatten\checker_inst.\insn_spec.$shl$insn_sb.v:50$259 ($shl).
Removed top 28 bits (of 32) from port Y of cell rvfi_testbench.$flatten\checker_inst.\insn_spec.$shl$insn_sb.v:50$259 ($shl).
Removed top 28 bits (of 32) from port A of cell rvfi_testbench.$flatten\checker_inst.\insn_spec.$mul$insn_sb.v:51$261 ($mul).
Removed top 28 bits (of 32) from port B of cell rvfi_testbench.$flatten\wrapper.\uut.$add$/home/ndcsn/workspace/riscv-formal/cores/myRiscv/../../cores/myRiscv/myRiscv.sv:94$278 ($add).
Removed top 1 bits (of 33) from port Y of cell rvfi_testbench.$flatten\wrapper.\uut.$add$/home/ndcsn/workspace/riscv-formal/cores/myRiscv/../../cores/myRiscv/myRiscv.sv:99$279 ($add).
Removed top 63 bits (of 64) from port B of cell rvfi_testbench.$flatten\wrapper.\uut.$add$/home/ndcsn/workspace/riscv-formal/cores/myRiscv/../../cores/myRiscv/myRiscv.sv:127$284 ($add).
Removed top 1 bits (of 33) from port A of cell rvfi_testbench.$flatten\wrapper.\uut.$add$/home/ndcsn/workspace/riscv-formal/cores/myRiscv/../../cores/myRiscv/myRiscv.sv:221$315 ($add).
Removed top 1 bits (of 33) from port B of cell rvfi_testbench.$flatten\wrapper.\uut.$add$/home/ndcsn/workspace/riscv-formal/cores/myRiscv/../../cores/myRiscv/myRiscv.sv:221$315 ($add).
Removed top 1 bits (of 33) from port Y of cell rvfi_testbench.$flatten\wrapper.\uut.$add$/home/ndcsn/workspace/riscv-formal/cores/myRiscv/../../cores/myRiscv/myRiscv.sv:221$315 ($add).
Removed top 1 bits (of 3) from port B of cell rvfi_testbench.$flatten\wrapper.\uut.$eq$/home/ndcsn/workspace/riscv-formal/cores/myRiscv/../../cores/myRiscv/myRiscv.sv:473$331 ($eq).
Removed top 1 bits (of 3) from port B of cell rvfi_testbench.$flatten\wrapper.\uut.$eq$/home/ndcsn/workspace/riscv-formal/cores/myRiscv/../../cores/myRiscv/myRiscv.sv:491$336 ($eq).
Removed top 2 bits (of 3) from port B of cell rvfi_testbench.$flatten\wrapper.\uut.$eq$/home/ndcsn/workspace/riscv-formal/cores/myRiscv/../../cores/myRiscv/myRiscv.sv:493$339 ($eq).
Removed top 1 bits (of 7) from port B of cell rvfi_testbench.$flatten\wrapper.\uut.$ne$/home/ndcsn/workspace/riscv-formal/cores/myRiscv/../../cores/myRiscv/myRiscv.sv:532$357 ($ne).
Removed top 2 bits (of 3) from port B of cell rvfi_testbench.$flatten\wrapper.\uut.$ne$/home/ndcsn/workspace/riscv-formal/cores/myRiscv/../../cores/myRiscv/myRiscv.sv:562$367 ($ne).
Removed top 1 bits (of 3) from port B of cell rvfi_testbench.$flatten\wrapper.\uut.$ne$/home/ndcsn/workspace/riscv-formal/cores/myRiscv/../../cores/myRiscv/myRiscv.sv:562$369 ($ne).
Removed top 1 bits (of 2) from port B of cell rvfi_testbench.$flatten\wrapper.\uut.$procmux$3064_CMP0 ($eq).
Removed top 1 bits (of 2) from mux cell rvfi_testbench.$flatten\wrapper.\uut.$procmux$1360 ($mux).
Removed top 1 bits (of 7) from port B of cell rvfi_testbench.$flatten\wrapper.\uut.$procmux$1428_CMP0 ($eq).
Removed top 1 bits (of 7) from port B of cell rvfi_testbench.$flatten\wrapper.\uut.$procmux$1928_CMP0 ($eq).
Removed top 1 bits (of 2) from port B of cell rvfi_testbench.$flatten\wrapper.\uut.$procmux$1954_CMP0 ($eq).
Removed top 2 bits (of 7) from port B of cell rvfi_testbench.$flatten\wrapper.\uut.$procmux$2193_CMP0 ($eq).
Removed top 5 bits (of 7) from port B of cell rvfi_testbench.$flatten\wrapper.\uut.$procmux$2539_CMP0 ($eq).
Removed top 2 bits (of 7) from port B of cell rvfi_testbench.$flatten\wrapper.\uut.$procmux$2774_CMP0 ($eq).
Removed top 1 bits (of 7) from port B of cell rvfi_testbench.$flatten\wrapper.\uut.$procmux$2775_CMP0 ($eq).
Removed top 1 bits (of 5) from port B of cell rvfi_testbench.$flatten\wrapper.\uut.$procmux$2924_CMP0 ($eq).
Removed top 2 bits (of 5) from port B of cell rvfi_testbench.$flatten\wrapper.\uut.$procmux$2925_CMP0 ($eq).
Removed top 2 bits (of 5) from port B of cell rvfi_testbench.$flatten\wrapper.\uut.$procmux$2926_CMP0 ($eq).
Removed top 3 bits (of 5) from port B of cell rvfi_testbench.$flatten\wrapper.\uut.$procmux$2927_CMP0 ($eq).
Removed top 3 bits (of 5) from port B of cell rvfi_testbench.$flatten\wrapper.\uut.$procmux$2928_CMP0 ($eq).
Removed top 4 bits (of 5) from port B of cell rvfi_testbench.$flatten\wrapper.\uut.$procmux$2929_CMP0 ($eq).
Removed top 1 bits (of 5) from port B of cell rvfi_testbench.$flatten\wrapper.\uut.$procmux$2966_CMP0 ($eq).
Removed top 2 bits (of 5) from port B of cell rvfi_testbench.$flatten\wrapper.\uut.$procmux$2967_CMP0 ($eq).
Removed top 2 bits (of 5) from port B of cell rvfi_testbench.$flatten\wrapper.\uut.$procmux$2968_CMP0 ($eq).
Removed top 3 bits (of 5) from port B of cell rvfi_testbench.$flatten\wrapper.\uut.$procmux$2969_CMP0 ($eq).
Removed top 3 bits (of 5) from port B of cell rvfi_testbench.$flatten\wrapper.\uut.$procmux$2970_CMP0 ($eq).
Removed top 4 bits (of 5) from port B of cell rvfi_testbench.$flatten\wrapper.\uut.$procmux$2971_CMP0 ($eq).
Removed top 1 bits (of 3) from port B of cell rvfi_testbench.$flatten\wrapper.\uut.$procmux$2992_CMP0 ($eq).
Removed top 1 bits (of 3) from port B of cell rvfi_testbench.$flatten\wrapper.\uut.$procmux$2993_CMP0 ($eq).
Removed top 2 bits (of 3) from port B of cell rvfi_testbench.$flatten\wrapper.\uut.$procmux$2994_CMP0 ($eq).
Removed top 1 bits (of 4) from port B of cell rvfi_testbench.$flatten\wrapper.\uut.$procmux$3010_CMP0 ($eq).
Removed top 1 bits (of 4) from port B of cell rvfi_testbench.$flatten\wrapper.\uut.$procmux$3011_CMP0 ($eq).
Removed top 1 bits (of 4) from port B of cell rvfi_testbench.$flatten\wrapper.\uut.$procmux$3013_CMP0 ($eq).
Removed top 1 bits (of 4) from port B of cell rvfi_testbench.$flatten\wrapper.\uut.$procmux$3014_CMP0 ($eq).
Removed top 2 bits (of 4) from port B of cell rvfi_testbench.$flatten\wrapper.\uut.$procmux$3015_CMP0 ($eq).
Removed top 2 bits (of 4) from port B of cell rvfi_testbench.$flatten\wrapper.\uut.$procmux$3016_CMP0 ($eq).
Removed top 3 bits (of 4) from port B of cell rvfi_testbench.$flatten\wrapper.\uut.$procmux$3017_CMP0 ($eq).
Removed top 1 bits (of 3) from port B of cell rvfi_testbench.$flatten\wrapper.\uut.$procmux$3051_CMP0 ($eq).
Removed top 1 bits (of 3) from port B of cell rvfi_testbench.$flatten\wrapper.\uut.$procmux$3052_CMP0 ($eq).
Removed top 2 bits (of 3) from port B of cell rvfi_testbench.$flatten\wrapper.\uut.$procmux$3053_CMP0 ($eq).
Removed top 1 bits (of 9) from port Y of cell rvfi_testbench.$add$rvfi_testbench.sv:36$9 ($add).
Removed top 24 bits (of 32) from wire rvfi_testbench.$add$rvfi_testbench.sv:36$9_Y.
Removed top 1 bits (of 2) from wire rvfi_testbench.$flatten\wrapper.\uut.$9\pc_sel[1:0].
Removed top 1 bits (of 33) from wire rvfi_testbench.$flatten\wrapper.\uut.$add$/home/ndcsn/workspace/riscv-formal/cores/myRiscv/../../cores/myRiscv/myRiscv.sv:221$315_Y.
Removed top 31 bits (of 32) from wire rvfi_testbench.$flatten\wrapper.\uut.$lt$/home/ndcsn/workspace/riscv-formal/cores/myRiscv/../../cores/myRiscv/myRiscv.sv:241$319_Y.
Removed top 31 bits (of 32) from wire rvfi_testbench.$flatten\wrapper.\uut.$lt$/home/ndcsn/workspace/riscv-formal/cores/myRiscv/../../cores/myRiscv/myRiscv.sv:248$320_Y.
Removed top 31 bits (of 32) from wire rvfi_testbench.$ne$rvfi_testbench.sv:36$8_Y.

4.9. Executing OPT_CLEAN pass (remove unused cells and wires).
Finding unused cells or wires in module \rvfi_testbench..
Removed 0 unused cells and 10 unused wires.
<suppressed ~2 debug messages>

4.10. Executing MEMORY_COLLECT pass (generating $mem cells).

4.11. Executing OPT pass (performing simple optimizations).

4.11.1. Executing OPT_EXPR pass (perform const folding).
Optimizing module rvfi_testbench.

4.11.2. Executing OPT_MERGE pass (detect identical cells).
Finding identical cells in module `\rvfi_testbench'.
Removed a total of 0 cells.

4.11.3. Executing OPT_CLEAN pass (remove unused cells and wires).
Finding unused cells or wires in module \rvfi_testbench..

4.11.4. Finished fast OPT passes.

4.12. Printing statistics.

=== rvfi_testbench ===

   Number of wires:                633
   Number of wire bits:           4747
   Number of public wires:         201
   Number of public wire bits:    3397
   Number of memories:               0
   Number of memory bits:            0
   Number of processes:              0
   Number of cells:                520
     $add                            7
     $and                            7
     $anyseq                         2
     $assert                        30
     $assume                         2
     $cover                          4
     $dff                            3
     $eq                            72
     $initstate                      1
     $logic_and                     15
     $logic_not                     18
     $logic_or                      10
     $lt                             3
     $mem_v2                         1
     $mul                            1
     $mux                          272
     $ne                             4
     $not                            9
     $or                             1
     $pmux                          26
     $reduce_and                     1
     $reduce_bool                    6
     $reduce_or                     16
     $shl                            3
     $shr                            1
     $sshr                           1
     $sub                            2
     $xor                            2

4.13. Executing CHECK pass (checking for obvious problems).
Checking module rvfi_testbench...
Found and reported 0 problems.

5. Executing MEMORY_NORDFF pass (extracting $dff cells from memories).

6. Executing ASYNC2SYNC pass.

7. Executing OPT_CLEAN pass (remove unused cells and wires).
Finding unused cells or wires in module \rvfi_testbench..
Removed 9 unused cells and 9 unused wires.
<suppressed ~10 debug messages>

8. Executing SETUNDEF pass (replace undef values with defined constants).

9. Executing OPT pass (performing simple optimizations).

9.1. Executing OPT_EXPR pass (perform const folding).
Optimizing module rvfi_testbench.

9.2. Executing OPT_MERGE pass (detect identical cells).
Finding identical cells in module `\rvfi_testbench'.
Removed a total of 0 cells.

9.3. Executing OPT_DFF pass (perform DFF optimizations).
Adding SRST signal on $procdff$3145 ($dff) from module rvfi_testbench (D = $add$rvfi_testbench.sv:36$9_Y, Q = \cycle_reg, rval = 8'00000001).
Adding SRST signal on $flatten\wrapper.\uut.$procdff$3144 ($dff) from module rvfi_testbench (D = $flatten\wrapper.\uut.$add$/home/ndcsn/workspace/riscv-formal/cores/myRiscv/../../cores/myRiscv/myRiscv.sv:127$284_Y, Q = \wrapper.uut.instr_index, rval = 64'0000000000000000000000000000000000000000000000000000000000000000).
Adding SRST signal on $flatten\wrapper.\uut.$procdff$3142 ($dff) from module rvfi_testbench (D = \checker_inst.pc_wdata, Q = \wrapper.uut.pc, rval = 0).

9.4. Executing OPT_CLEAN pass (remove unused cells and wires).
Finding unused cells or wires in module \rvfi_testbench..
Removed 3 unused cells and 3 unused wires.
<suppressed ~4 debug messages>

9.5. Rerunning OPT passes. (Removed registers in this run.)

9.6. Executing OPT_EXPR pass (perform const folding).
Optimizing module rvfi_testbench.

9.7. Executing OPT_MERGE pass (detect identical cells).
Finding identical cells in module `\rvfi_testbench'.
Removed a total of 0 cells.

9.8. Executing OPT_DFF pass (perform DFF optimizations).

9.9. Executing OPT_CLEAN pass (remove unused cells and wires).
Finding unused cells or wires in module \rvfi_testbench..

9.10. Finished fast OPT passes.

10. Executing CHECK pass (checking for obvious problems).
Checking module rvfi_testbench...
Found and reported 0 problems.

11. Executing HIERARCHY pass (managing design hierarchy).

11.1. Analyzing design hierarchy..
Top module:  \rvfi_testbench

11.2. Analyzing design hierarchy..
Top module:  \rvfi_testbench
Removed 0 unused modules.
Module rvfi_testbench directly or indirectly contains formal properties -> setting "keep" attribute.

12. Executing RTLIL backend.
Output filename: ../model/design.il

End of script. Logfile hash: ec4c3a67e1, CPU: user 0.95s system 0.01s, MEM: 29.08 MB peak
Yosys 0.12+54 (git sha1 59a715034, clang 10.0.0-4ubuntu1 -fPIC -Os)
Time spent: 17% 8x opt_expr (0 sec), 17% 6x read_verilog (0 sec), ...
